CRITICAL - 2023-11-26 04:17:42 --> Undefined array key "id_book"
in APPPATH\Views\userview\History.php on line 29.
 1 APPPATH\Views\userview\History.php(29): CodeIgniter\Debug\Exceptions->errorHandler(2, 'Undefined array key "id_book"', 'C:\\xampp\\htdocs\\project-book\\app\\Views\\userview\\History.php', 29)
 2 SYSTEMPATH\View\View.php(228): include('C:\\xampp\\htdocs\\project-book\\app\\Views\\userview\\History.php')
 3 SYSTEMPATH\View\View.php(231): CodeIgniter\View\View->CodeIgniter\View\{closure}()
 4 SYSTEMPATH\Common.php(1190): CodeIgniter\View\View->render('userview/History', [], true)
 5 APPPATH\Controllers\HomeController.php(178): view('userview/History', [...])
 6 SYSTEMPATH\CodeIgniter.php(942): App\Controllers\HomeController->index_history()
 7 SYSTEMPATH\CodeIgniter.php(502): CodeIgniter\CodeIgniter->runController(Object(App\Controllers\HomeController))
 8 SYSTEMPATH\CodeIgniter.php(361): CodeIgniter\CodeIgniter->handleRequest(null, Object(Config\Cache), false)
 9 FCPATH\index.php(79): CodeIgniter\CodeIgniter->run()
CRITICAL - 2023-11-26 04:18:49 --> Undefined array key "id_book"
in APPPATH\Views\userview\History.php on line 31.
 1 APPPATH\Views\userview\History.php(31): CodeIgniter\Debug\Exceptions->errorHandler(2, 'Undefined array key "id_book"', 'C:\\xampp\\htdocs\\project-book\\app\\Views\\userview\\History.php', 31)
 2 SYSTEMPATH\View\View.php(228): include('C:\\xampp\\htdocs\\project-book\\app\\Views\\userview\\History.php')
 3 SYSTEMPATH\View\View.php(231): CodeIgniter\View\View->CodeIgniter\View\{closure}()
 4 SYSTEMPATH\Common.php(1190): CodeIgniter\View\View->render('userview/History', [], true)
 5 APPPATH\Controllers\HomeController.php(178): view('userview/History', [...])
 6 SYSTEMPATH\CodeIgniter.php(942): App\Controllers\HomeController->index_history()
 7 SYSTEMPATH\CodeIgniter.php(502): CodeIgniter\CodeIgniter->runController(Object(App\Controllers\HomeController))
 8 SYSTEMPATH\CodeIgniter.php(361): CodeIgniter\CodeIgniter->handleRequest(null, Object(Config\Cache), false)
 9 FCPATH\index.php(79): CodeIgniter\CodeIgniter->run()
CRITICAL - 2023-11-26 04:19:10 --> Undefined array key "book_name"
in APPPATH\Views\userview\History.php on line 39.
 1 APPPATH\Views\userview\History.php(39): CodeIgniter\Debug\Exceptions->errorHandler(2, 'Undefined array key "book_name"', 'C:\\xampp\\htdocs\\project-book\\app\\Views\\userview\\History.php', 39)
 2 SYSTEMPATH\View\View.php(228): include('C:\\xampp\\htdocs\\project-book\\app\\Views\\userview\\History.php')
 3 SYSTEMPATH\View\View.php(231): CodeIgniter\View\View->CodeIgniter\View\{closure}()
 4 SYSTEMPATH\Common.php(1190): CodeIgniter\View\View->render('userview/History', [], true)
 5 APPPATH\Controllers\HomeController.php(178): view('userview/History', [...])
 6 SYSTEMPATH\CodeIgniter.php(942): App\Controllers\HomeController->index_history()
 7 SYSTEMPATH\CodeIgniter.php(502): CodeIgniter\CodeIgniter->runController(Object(App\Controllers\HomeController))
 8 SYSTEMPATH\CodeIgniter.php(361): CodeIgniter\CodeIgniter->handleRequest(null, Object(Config\Cache), false)
 9 FCPATH\index.php(79): CodeIgniter\CodeIgniter->run()
CRITICAL - 2023-11-26 04:20:41 --> Array to string conversion
in APPPATH\Views\userview\History.php on line 37.
 1 APPPATH\Views\userview\History.php(37): CodeIgniter\Debug\Exceptions->errorHandler(2, 'Array to string conversion', 'C:\\xampp\\htdocs\\project-book\\app\\Views\\userview\\History.php', 37)
 2 SYSTEMPATH\View\View.php(228): include('C:\\xampp\\htdocs\\project-book\\app\\Views\\userview\\History.php')
 3 SYSTEMPATH\View\View.php(231): CodeIgniter\View\View->CodeIgniter\View\{closure}()
 4 SYSTEMPATH\Common.php(1190): CodeIgniter\View\View->render('userview/History', [], true)
 5 APPPATH\Controllers\HomeController.php(178): view('userview/History', [...])
 6 SYSTEMPATH\CodeIgniter.php(942): App\Controllers\HomeController->index_history()
 7 SYSTEMPATH\CodeIgniter.php(502): CodeIgniter\CodeIgniter->runController(Object(App\Controllers\HomeController))
 8 SYSTEMPATH\CodeIgniter.php(361): CodeIgniter\CodeIgniter->handleRequest(null, Object(Config\Cache), false)
 9 FCPATH\index.php(79): CodeIgniter\CodeIgniter->run()
CRITICAL - 2023-11-26 04:23:28 --> Undefined array key "name_book"
in APPPATH\Views\userview\History.php on line 37.
 1 APPPATH\Views\userview\History.php(37): CodeIgniter\Debug\Exceptions->errorHandler(2, 'Undefined array key "name_book"', 'C:\\xampp\\htdocs\\project-book\\app\\Views\\userview\\History.php', 37)
 2 SYSTEMPATH\View\View.php(228): include('C:\\xampp\\htdocs\\project-book\\app\\Views\\userview\\History.php')
 3 SYSTEMPATH\View\View.php(231): CodeIgniter\View\View->CodeIgniter\View\{closure}()
 4 SYSTEMPATH\Common.php(1190): CodeIgniter\View\View->render('userview/History', [], true)
 5 APPPATH\Controllers\HomeController.php(178): view('userview/History', [...])
 6 SYSTEMPATH\CodeIgniter.php(942): App\Controllers\HomeController->index_history()
 7 SYSTEMPATH\CodeIgniter.php(502): CodeIgniter\CodeIgniter->runController(Object(App\Controllers\HomeController))
 8 SYSTEMPATH\CodeIgniter.php(361): CodeIgniter\CodeIgniter->handleRequest(null, Object(Config\Cache), false)
 9 FCPATH\index.php(79): CodeIgniter\CodeIgniter->run()
CRITICAL - 2023-11-26 04:24:13 --> Array to string conversion
in APPPATH\Views\userview\History.php on line 37.
 1 APPPATH\Views\userview\History.php(37): CodeIgniter\Debug\Exceptions->errorHandler(2, 'Array to string conversion', 'C:\\xampp\\htdocs\\project-book\\app\\Views\\userview\\History.php', 37)
 2 SYSTEMPATH\View\View.php(228): include('C:\\xampp\\htdocs\\project-book\\app\\Views\\userview\\History.php')
 3 SYSTEMPATH\View\View.php(231): CodeIgniter\View\View->CodeIgniter\View\{closure}()
 4 SYSTEMPATH\Common.php(1190): CodeIgniter\View\View->render('userview/History', [], true)
 5 APPPATH\Controllers\HomeController.php(178): view('userview/History', [...])
 6 SYSTEMPATH\CodeIgniter.php(942): App\Controllers\HomeController->index_history()
 7 SYSTEMPATH\CodeIgniter.php(502): CodeIgniter\CodeIgniter->runController(Object(App\Controllers\HomeController))
 8 SYSTEMPATH\CodeIgniter.php(361): CodeIgniter\CodeIgniter->handleRequest(null, Object(Config\Cache), false)
 9 FCPATH\index.php(79): CodeIgniter\CodeIgniter->run()
CRITICAL - 2023-11-26 04:24:55 --> Trying to access array offset on value of type int
in APPPATH\Views\userview\History.php on line 37.
 1 APPPATH\Views\userview\History.php(37): CodeIgniter\Debug\Exceptions->errorHandler(2, 'Trying to access array offset on value of type int', 'C:\\xampp\\htdocs\\project-book\\app\\Views\\userview\\History.php', 37)
 2 SYSTEMPATH\View\View.php(228): include('C:\\xampp\\htdocs\\project-book\\app\\Views\\userview\\History.php')
 3 SYSTEMPATH\View\View.php(231): CodeIgniter\View\View->CodeIgniter\View\{closure}()
 4 SYSTEMPATH\Common.php(1190): CodeIgniter\View\View->render('userview/History', [], true)
 5 APPPATH\Controllers\HomeController.php(178): view('userview/History', [...])
 6 SYSTEMPATH\CodeIgniter.php(942): App\Controllers\HomeController->index_history()
 7 SYSTEMPATH\CodeIgniter.php(502): CodeIgniter\CodeIgniter->runController(Object(App\Controllers\HomeController))
 8 SYSTEMPATH\CodeIgniter.php(361): CodeIgniter\CodeIgniter->handleRequest(null, Object(Config\Cache), false)
 9 FCPATH\index.php(79): CodeIgniter\CodeIgniter->run()
CRITICAL - 2023-11-26 04:25:03 --> Trying to access array offset on value of type int
in APPPATH\Views\userview\History.php on line 37.
 1 APPPATH\Views\userview\History.php(37): CodeIgniter\Debug\Exceptions->errorHandler(2, 'Trying to access array offset on value of type int', 'C:\\xampp\\htdocs\\project-book\\app\\Views\\userview\\History.php', 37)
 2 SYSTEMPATH\View\View.php(228): include('C:\\xampp\\htdocs\\project-book\\app\\Views\\userview\\History.php')
 3 SYSTEMPATH\View\View.php(231): CodeIgniter\View\View->CodeIgniter\View\{closure}()
 4 SYSTEMPATH\Common.php(1190): CodeIgniter\View\View->render('userview/History', [], true)
 5 APPPATH\Controllers\HomeController.php(178): view('userview/History', [...])
 6 SYSTEMPATH\CodeIgniter.php(942): App\Controllers\HomeController->index_history()
 7 SYSTEMPATH\CodeIgniter.php(502): CodeIgniter\CodeIgniter->runController(Object(App\Controllers\HomeController))
 8 SYSTEMPATH\CodeIgniter.php(361): CodeIgniter\CodeIgniter->handleRequest(null, Object(Config\Cache), false)
 9 FCPATH\index.php(79): CodeIgniter\CodeIgniter->run()
CRITICAL - 2023-11-26 04:25:15 --> Undefined array key 1
in APPPATH\Views\userview\History.php on line 37.
 1 APPPATH\Views\userview\History.php(37): CodeIgniter\Debug\Exceptions->errorHandler(2, 'Undefined array key 1', 'C:\\xampp\\htdocs\\project-book\\app\\Views\\userview\\History.php', 37)
 2 SYSTEMPATH\View\View.php(228): include('C:\\xampp\\htdocs\\project-book\\app\\Views\\userview\\History.php')
 3 SYSTEMPATH\View\View.php(231): CodeIgniter\View\View->CodeIgniter\View\{closure}()
 4 SYSTEMPATH\Common.php(1190): CodeIgniter\View\View->render('userview/History', [], true)
 5 APPPATH\Controllers\HomeController.php(178): view('userview/History', [...])
 6 SYSTEMPATH\CodeIgniter.php(942): App\Controllers\HomeController->index_history()
 7 SYSTEMPATH\CodeIgniter.php(502): CodeIgniter\CodeIgniter->runController(Object(App\Controllers\HomeController))
 8 SYSTEMPATH\CodeIgniter.php(361): CodeIgniter\CodeIgniter->handleRequest(null, Object(Config\Cache), false)
 9 FCPATH\index.php(79): CodeIgniter\CodeIgniter->run()
CRITICAL - 2023-11-26 04:27:04 --> Undefined array key "id_book"
in APPPATH\Views\userview\History.php on line 31.
 1 APPPATH\Views\userview\History.php(31): CodeIgniter\Debug\Exceptions->errorHandler(2, 'Undefined array key "id_book"', 'C:\\xampp\\htdocs\\project-book\\app\\Views\\userview\\History.php', 31)
 2 SYSTEMPATH\View\View.php(228): include('C:\\xampp\\htdocs\\project-book\\app\\Views\\userview\\History.php')
 3 SYSTEMPATH\View\View.php(231): CodeIgniter\View\View->CodeIgniter\View\{closure}()
 4 SYSTEMPATH\Common.php(1190): CodeIgniter\View\View->render('userview/History', [], true)
 5 APPPATH\Controllers\HomeController.php(178): view('userview/History', [...])
 6 SYSTEMPATH\CodeIgniter.php(942): App\Controllers\HomeController->index_history()
 7 SYSTEMPATH\CodeIgniter.php(502): CodeIgniter\CodeIgniter->runController(Object(App\Controllers\HomeController))
 8 SYSTEMPATH\CodeIgniter.php(361): CodeIgniter\CodeIgniter->handleRequest(null, Object(Config\Cache), false)
 9 FCPATH\index.php(79): CodeIgniter\CodeIgniter->run()
CRITICAL - 2023-11-26 04:27:30 --> Undefined array key "id_book"
in APPPATH\Views\userview\History.php on line 31.
 1 APPPATH\Views\userview\History.php(31): CodeIgniter\Debug\Exceptions->errorHandler(2, 'Undefined array key "id_book"', 'C:\\xampp\\htdocs\\project-book\\app\\Views\\userview\\History.php', 31)
 2 SYSTEMPATH\View\View.php(228): include('C:\\xampp\\htdocs\\project-book\\app\\Views\\userview\\History.php')
 3 SYSTEMPATH\View\View.php(231): CodeIgniter\View\View->CodeIgniter\View\{closure}()
 4 SYSTEMPATH\Common.php(1190): CodeIgniter\View\View->render('userview/History', [], true)
 5 APPPATH\Controllers\HomeController.php(178): view('userview/History', [...])
 6 SYSTEMPATH\CodeIgniter.php(942): App\Controllers\HomeController->index_history()
 7 SYSTEMPATH\CodeIgniter.php(502): CodeIgniter\CodeIgniter->runController(Object(App\Controllers\HomeController))
 8 SYSTEMPATH\CodeIgniter.php(361): CodeIgniter\CodeIgniter->handleRequest(null, Object(Config\Cache), false)
 9 FCPATH\index.php(79): CodeIgniter\CodeIgniter->run()
CRITICAL - 2023-11-26 04:28:31 --> Undefined array key "bookData"
in APPPATH\Controllers\HomeController.php on line 167.
 1 APPPATH\Controllers\HomeController.php(167): CodeIgniter\Debug\Exceptions->errorHandler(2, 'Undefined array key "bookData"', 'C:\\xampp\\htdocs\\project-book\\app\\Controllers\\HomeController.php', 167)
 2 SYSTEMPATH\CodeIgniter.php(942): App\Controllers\HomeController->index_history()
 3 SYSTEMPATH\CodeIgniter.php(502): CodeIgniter\CodeIgniter->runController(Object(App\Controllers\HomeController))
 4 SYSTEMPATH\CodeIgniter.php(361): CodeIgniter\CodeIgniter->handleRequest(null, Object(Config\Cache), false)
 5 FCPATH\index.php(79): CodeIgniter\CodeIgniter->run()
CRITICAL - 2023-11-26 04:32:53 --> Undefined array key 0
in APPPATH\Views\userview\History.php on line 31.
 1 APPPATH\Views\userview\History.php(31): CodeIgniter\Debug\Exceptions->errorHandler(2, 'Undefined array key 0', 'C:\\xampp\\htdocs\\project-book\\app\\Views\\userview\\History.php', 31)
 2 SYSTEMPATH\View\View.php(228): include('C:\\xampp\\htdocs\\project-book\\app\\Views\\userview\\History.php')
 3 SYSTEMPATH\View\View.php(231): CodeIgniter\View\View->CodeIgniter\View\{closure}()
 4 SYSTEMPATH\Common.php(1190): CodeIgniter\View\View->render('userview/History', [], true)
 5 APPPATH\Controllers\HomeController.php(182): view('userview/History', [...])
 6 SYSTEMPATH\CodeIgniter.php(942): App\Controllers\HomeController->index_history()
 7 SYSTEMPATH\CodeIgniter.php(502): CodeIgniter\CodeIgniter->runController(Object(App\Controllers\HomeController))
 8 SYSTEMPATH\CodeIgniter.php(361): CodeIgniter\CodeIgniter->handleRequest(null, Object(Config\Cache), false)
 9 FCPATH\index.php(79): CodeIgniter\CodeIgniter->run()
CRITICAL - 2023-11-26 04:34:21 --> Undefined array key "category_id"
in APPPATH\Controllers\HomeController.php on line 173.
 1 APPPATH\Controllers\HomeController.php(173): CodeIgniter\Debug\Exceptions->errorHandler(2, 'Undefined array key "category_id"', 'C:\\xampp\\htdocs\\project-book\\app\\Controllers\\HomeController.php', 173)
 2 SYSTEMPATH\CodeIgniter.php(942): App\Controllers\HomeController->index_history()
 3 SYSTEMPATH\CodeIgniter.php(502): CodeIgniter\CodeIgniter->runController(Object(App\Controllers\HomeController))
 4 SYSTEMPATH\CodeIgniter.php(361): CodeIgniter\CodeIgniter->handleRequest(null, Object(Config\Cache), false)
 5 FCPATH\index.php(79): CodeIgniter\CodeIgniter->run()
CRITICAL - 2023-11-26 04:38:03 --> Undefined variable $categoryData
in APPPATH\Views\userview\History.php on line 90.
 1 APPPATH\Views\userview\History.php(90): CodeIgniter\Debug\Exceptions->errorHandler(2, 'Undefined variable $categoryData', 'C:\\xampp\\htdocs\\project-book\\app\\Views\\userview\\History.php', 90)
 2 SYSTEMPATH\View\View.php(228): include('C:\\xampp\\htdocs\\project-book\\app\\Views\\userview\\History.php')
 3 SYSTEMPATH\View\View.php(231): CodeIgniter\View\View->CodeIgniter\View\{closure}()
 4 SYSTEMPATH\Common.php(1190): CodeIgniter\View\View->render('userview/History', [], true)
 5 APPPATH\Controllers\HomeController.php(187): view('userview/History', [...])
 6 SYSTEMPATH\CodeIgniter.php(942): App\Controllers\HomeController->index_history()
 7 SYSTEMPATH\CodeIgniter.php(502): CodeIgniter\CodeIgniter->runController(Object(App\Controllers\HomeController))
 8 SYSTEMPATH\CodeIgniter.php(361): CodeIgniter\CodeIgniter->handleRequest(null, Object(Config\Cache), false)
 9 FCPATH\index.php(79): CodeIgniter\CodeIgniter->run()
CRITICAL - 2023-11-26 04:38:36 --> Undefined array key 0
in APPPATH\Views\userview\History.php on line 31.
 1 APPPATH\Views\userview\History.php(31): CodeIgniter\Debug\Exceptions->errorHandler(2, 'Undefined array key 0', 'C:\\xampp\\htdocs\\project-book\\app\\Views\\userview\\History.php', 31)
 2 SYSTEMPATH\View\View.php(228): include('C:\\xampp\\htdocs\\project-book\\app\\Views\\userview\\History.php')
 3 SYSTEMPATH\View\View.php(231): CodeIgniter\View\View->CodeIgniter\View\{closure}()
 4 SYSTEMPATH\Common.php(1190): CodeIgniter\View\View->render('userview/History', [], true)
 5 APPPATH\Controllers\HomeController.php(187): view('userview/History', [...])
 6 SYSTEMPATH\CodeIgniter.php(942): App\Controllers\HomeController->index_history()
 7 SYSTEMPATH\CodeIgniter.php(502): CodeIgniter\CodeIgniter->runController(Object(App\Controllers\HomeController))
 8 SYSTEMPATH\CodeIgniter.php(361): CodeIgniter\CodeIgniter->handleRequest(null, Object(Config\Cache), false)
 9 FCPATH\index.php(79): CodeIgniter\CodeIgniter->run()
CRITICAL - 2023-11-26 04:46:19 --> Undefined array key 0
in APPPATH\Controllers\HomeController.php on line 182.
 1 APPPATH\Controllers\HomeController.php(182): CodeIgniter\Debug\Exceptions->errorHandler(2, 'Undefined array key 0', 'C:\\xampp\\htdocs\\project-book\\app\\Controllers\\HomeController.php', 182)
 2 SYSTEMPATH\CodeIgniter.php(942): App\Controllers\HomeController->index_history()
 3 SYSTEMPATH\CodeIgniter.php(502): CodeIgniter\CodeIgniter->runController(Object(App\Controllers\HomeController))
 4 SYSTEMPATH\CodeIgniter.php(361): CodeIgniter\CodeIgniter->handleRequest(null, Object(Config\Cache), false)
 5 FCPATH\index.php(79): CodeIgniter\CodeIgniter->run()
CRITICAL - 2023-11-26 04:47:35 --> Undefined array key 0
in APPPATH\Controllers\HomeController.php on line 175.
 1 APPPATH\Controllers\HomeController.php(175): CodeIgniter\Debug\Exceptions->errorHandler(2, 'Undefined array key 0', 'C:\\xampp\\htdocs\\project-book\\app\\Controllers\\HomeController.php', 175)
 2 SYSTEMPATH\CodeIgniter.php(942): App\Controllers\HomeController->index_history()
 3 SYSTEMPATH\CodeIgniter.php(502): CodeIgniter\CodeIgniter->runController(Object(App\Controllers\HomeController))
 4 SYSTEMPATH\CodeIgniter.php(361): CodeIgniter\CodeIgniter->handleRequest(null, Object(Config\Cache), false)
 5 FCPATH\index.php(79): CodeIgniter\CodeIgniter->run()
CRITICAL - 2023-11-26 04:50:50 --> Undefined array key "id_book"
in APPPATH\Views\userview\History.php on line 29.
 1 APPPATH\Views\userview\History.php(29): CodeIgniter\Debug\Exceptions->errorHandler(2, 'Undefined array key "id_book"', 'C:\\xampp\\htdocs\\project-book\\app\\Views\\userview\\History.php', 29)
 2 SYSTEMPATH\View\View.php(228): include('C:\\xampp\\htdocs\\project-book\\app\\Views\\userview\\History.php')
 3 SYSTEMPATH\View\View.php(231): CodeIgniter\View\View->CodeIgniter\View\{closure}()
 4 SYSTEMPATH\Common.php(1190): CodeIgniter\View\View->render('userview/History', [], true)
 5 APPPATH\Controllers\HomeController.php(204): view('userview/History', [...])
 6 SYSTEMPATH\CodeIgniter.php(942): App\Controllers\HomeController->index_history()
 7 SYSTEMPATH\CodeIgniter.php(502): CodeIgniter\CodeIgniter->runController(Object(App\Controllers\HomeController))
 8 SYSTEMPATH\CodeIgniter.php(361): CodeIgniter\CodeIgniter->handleRequest(null, Object(Config\Cache), false)
 9 FCPATH\index.php(79): CodeIgniter\CodeIgniter->run()
CRITICAL - 2023-11-26 04:52:33 --> Undefined variable $bookData
in APPPATH\Views\userview\History.php on line 30.
 1 APPPATH\Views\userview\History.php(30): CodeIgniter\Debug\Exceptions->errorHandler(2, 'Undefined variable $bookData', 'C:\\xampp\\htdocs\\project-book\\app\\Views\\userview\\History.php', 30)
 2 SYSTEMPATH\View\View.php(228): include('C:\\xampp\\htdocs\\project-book\\app\\Views\\userview\\History.php')
 3 SYSTEMPATH\View\View.php(231): CodeIgniter\View\View->CodeIgniter\View\{closure}()
 4 SYSTEMPATH\Common.php(1190): CodeIgniter\View\View->render('userview/History', [], true)
 5 APPPATH\Controllers\HomeController.php(197): view('userview/History', [...])
 6 SYSTEMPATH\CodeIgniter.php(942): App\Controllers\HomeController->index_history()
 7 SYSTEMPATH\CodeIgniter.php(502): CodeIgniter\CodeIgniter->runController(Object(App\Controllers\HomeController))
 8 SYSTEMPATH\CodeIgniter.php(361): CodeIgniter\CodeIgniter->handleRequest(null, Object(Config\Cache), false)
 9 FCPATH\index.php(79): CodeIgniter\CodeIgniter->run()
CRITICAL - 2023-11-26 04:57:43 --> Undefined array key "id_promotion"
in APPPATH\Views\userview\History.php on line 66.
 1 APPPATH\Views\userview\History.php(66): CodeIgniter\Debug\Exceptions->errorHandler(2, 'Undefined array key "id_promotion"', 'C:\\xampp\\htdocs\\project-book\\app\\Views\\userview\\History.php', 66)
 2 SYSTEMPATH\View\View.php(228): include('C:\\xampp\\htdocs\\project-book\\app\\Views\\userview\\History.php')
 3 SYSTEMPATH\View\View.php(231): CodeIgniter\View\View->CodeIgniter\View\{closure}()
 4 SYSTEMPATH\Common.php(1190): CodeIgniter\View\View->render('userview/History', [], true)
 5 APPPATH\Controllers\HomeController.php(192): view('userview/History', [...])
 6 SYSTEMPATH\CodeIgniter.php(942): App\Controllers\HomeController->index_history()
 7 SYSTEMPATH\CodeIgniter.php(502): CodeIgniter\CodeIgniter->runController(Object(App\Controllers\HomeController))
 8 SYSTEMPATH\CodeIgniter.php(361): CodeIgniter\CodeIgniter->handleRequest(null, Object(Config\Cache), false)
 9 FCPATH\index.php(79): CodeIgniter\CodeIgniter->run()
CRITICAL - 2023-11-26 05:03:05 --> Undefined array key "sum_price_promotion"
in APPPATH\Views\userview\History.php on line 91.
 1 APPPATH\Views\userview\History.php(91): CodeIgniter\Debug\Exceptions->errorHandler(2, 'Undefined array key "sum_price_promotion"', 'C:\\xampp\\htdocs\\project-book\\app\\Views\\userview\\History.php', 91)
 2 SYSTEMPATH\View\View.php(228): include('C:\\xampp\\htdocs\\project-book\\app\\Views\\userview\\History.php')
 3 SYSTEMPATH\View\View.php(231): CodeIgniter\View\View->CodeIgniter\View\{closure}()
 4 SYSTEMPATH\Common.php(1190): CodeIgniter\View\View->render('userview/History', [], true)
 5 APPPATH\Controllers\HomeController.php(192): view('userview/History', [...])
 6 SYSTEMPATH\CodeIgniter.php(942): App\Controllers\HomeController->index_history()
 7 SYSTEMPATH\CodeIgniter.php(502): CodeIgniter\CodeIgniter->runController(Object(App\Controllers\HomeController))
 8 SYSTEMPATH\CodeIgniter.php(361): CodeIgniter\CodeIgniter->handleRequest(null, Object(Config\Cache), false)
 9 FCPATH\index.php(79): CodeIgniter\CodeIgniter->run()
CRITICAL - 2023-11-26 12:19:23 --> Undefined variable $book
in APPPATH\Views\userview\Bookdetails.php on line 51.
 1 APPPATH\Views\userview\Bookdetails.php(51): CodeIgniter\Debug\Exceptions->errorHandler(2, 'Undefined variable $book', 'C:\\xampp\\htdocs\\project-book\\app\\Views\\userview\\Bookdetails.php', 51)
 2 SYSTEMPATH\View\View.php(228): include('C:\\xampp\\htdocs\\project-book\\app\\Views\\userview\\Bookdetails.php')
 3 SYSTEMPATH\View\View.php(231): CodeIgniter\View\View->CodeIgniter\View\{closure}()
 4 SYSTEMPATH\Common.php(1190): CodeIgniter\View\View->render('userview/Bookdetails', [], true)
 5 APPPATH\Controllers\HomeController.php(42): view('userview/Bookdetails', [...])
 6 SYSTEMPATH\CodeIgniter.php(942): App\Controllers\HomeController->index_bookdetails('6')
 7 SYSTEMPATH\CodeIgniter.php(502): CodeIgniter\CodeIgniter->runController(Object(App\Controllers\HomeController))
 8 SYSTEMPATH\CodeIgniter.php(361): CodeIgniter\CodeIgniter->handleRequest(null, Object(Config\Cache), false)
 9 FCPATH\index.php(79): CodeIgniter\CodeIgniter->run()
CRITICAL - 2023-11-26 13:10:12 --> Undefined array key 0
in APPPATH\Controllers\HomeController.php on line 177.
 1 APPPATH\Controllers\HomeController.php(177): CodeIgniter\Debug\Exceptions->errorHandler(2, 'Undefined array key 0', 'C:\\xampp\\htdocs\\project-book\\app\\Controllers\\HomeController.php', 177)
 2 SYSTEMPATH\CodeIgniter.php(942): App\Controllers\HomeController->index_history()
 3 SYSTEMPATH\CodeIgniter.php(502): CodeIgniter\CodeIgniter->runController(Object(App\Controllers\HomeController))
 4 SYSTEMPATH\CodeIgniter.php(361): CodeIgniter\CodeIgniter->handleRequest(null, Object(Config\Cache), false)
 5 FCPATH\index.php(79): CodeIgniter\CodeIgniter->run()
CRITICAL - 2023-11-26 13:11:14 --> Undefined array key 0
in APPPATH\Controllers\HomeController.php on line 177.
 1 APPPATH\Controllers\HomeController.php(177): CodeIgniter\Debug\Exceptions->errorHandler(2, 'Undefined array key 0', 'C:\\xampp\\htdocs\\project-book\\app\\Controllers\\HomeController.php', 177)
 2 SYSTEMPATH\CodeIgniter.php(942): App\Controllers\HomeController->index_history()
 3 SYSTEMPATH\CodeIgniter.php(502): CodeIgniter\CodeIgniter->runController(Object(App\Controllers\HomeController))
 4 SYSTEMPATH\CodeIgniter.php(361): CodeIgniter\CodeIgniter->handleRequest(null, Object(Config\Cache), false)
 5 FCPATH\index.php(79): CodeIgniter\CodeIgniter->run()
CRITICAL - 2023-11-26 16:05:11 --> CodeIgniter\Router\RouteCollection::match(): Argument #4 ($options) must be of type ?array, string given, called in C:\xampp\htdocs\project-book\app\Config\Routes.php on line 39
in SYSTEMPATH\Router\RouteCollection.php on line 996.
 1 APPPATH\Config\Routes.php(39): CodeIgniter\Router\RouteCollection->match([...], 'index', [...], 'UserController::customer_index')
 2 SYSTEMPATH\Router\RouteCollection.php(777): CodeIgniter\Router\RouteCollection->{closure}(Object(CodeIgniter\Router\RouteCollection))
 3 APPPATH\Config\Routes.php(38): CodeIgniter\Router\RouteCollection->group('dashboard/customer/', Object(Closure))
 4 SYSTEMPATH\Router\RouteCollection.php(344): require('C:\\xampp\\htdocs\\project-book\\app\\Config\\Routes.php')
 5 SYSTEMPATH\CodeIgniter.php(810): CodeIgniter\Router\RouteCollection->loadRoutes()
 6 SYSTEMPATH\CodeIgniter.php(450): CodeIgniter\CodeIgniter->tryToRouteIt(null)
 7 SYSTEMPATH\CodeIgniter.php(361): CodeIgniter\CodeIgniter->handleRequest(null, Object(Config\Cache), false)
 8 FCPATH\index.php(79): CodeIgniter\CodeIgniter->run()
CRITICAL - 2023-11-26 16:05:23 --> CodeIgniter\Router\RouteCollection::match(): Argument #4 ($options) must be of type ?array, string given, called in C:\xampp\htdocs\project-book\app\Config\Routes.php on line 39
in SYSTEMPATH\Router\RouteCollection.php on line 996.
 1 APPPATH\Config\Routes.php(39): CodeIgniter\Router\RouteCollection->match([...], 'index', [...], 'UserController::customer_index')
 2 SYSTEMPATH\Router\RouteCollection.php(777): CodeIgniter\Router\RouteCollection->{closure}(Object(CodeIgniter\Router\RouteCollection))
 3 APPPATH\Config\Routes.php(38): CodeIgniter\Router\RouteCollection->group('dashboard/customer/', Object(Closure))
 4 SYSTEMPATH\Router\RouteCollection.php(344): require('C:\\xampp\\htdocs\\project-book\\app\\Config\\Routes.php')
 5 SYSTEMPATH\CodeIgniter.php(810): CodeIgniter\Router\RouteCollection->loadRoutes()
 6 SYSTEMPATH\CodeIgniter.php(450): CodeIgniter\CodeIgniter->tryToRouteIt(null)
 7 SYSTEMPATH\CodeIgniter.php(361): CodeIgniter\CodeIgniter->handleRequest(null, Object(Config\Cache), false)
 8 FCPATH\index.php(79): CodeIgniter\CodeIgniter->run()
CRITICAL - 2023-11-26 16:05:31 --> CodeIgniter\Router\RouteCollection::match(): Argument #4 ($options) must be of type ?array, string given, called in C:\xampp\htdocs\project-book\app\Config\Routes.php on line 39
in SYSTEMPATH\Router\RouteCollection.php on line 996.
 1 APPPATH\Config\Routes.php(39): CodeIgniter\Router\RouteCollection->match([...], 'index', [...], 'UserController::customer_index')
 2 SYSTEMPATH\Router\RouteCollection.php(777): CodeIgniter\Router\RouteCollection->{closure}(Object(CodeIgniter\Router\RouteCollection))
 3 APPPATH\Config\Routes.php(38): CodeIgniter\Router\RouteCollection->group('dashboard/customer/', Object(Closure))
 4 SYSTEMPATH\Router\RouteCollection.php(344): require('C:\\xampp\\htdocs\\project-book\\app\\Config\\Routes.php')
 5 SYSTEMPATH\CodeIgniter.php(810): CodeIgniter\Router\RouteCollection->loadRoutes()
 6 SYSTEMPATH\CodeIgniter.php(450): CodeIgniter\CodeIgniter->tryToRouteIt(null)
 7 SYSTEMPATH\CodeIgniter.php(361): CodeIgniter\CodeIgniter->handleRequest(null, Object(Config\Cache), false)
 8 FCPATH\index.php(79): CodeIgniter\CodeIgniter->run()
CRITICAL - 2023-11-26 16:07:48 --> CodeIgniter\Router\RouteCollection::processArrayCallableSyntax(): Return value must be of type string, array returned
in SYSTEMPATH\Router\RouteCollection.php on line 1576.
 1 SYSTEMPATH\Router\RouteCollection.php(1440): CodeIgniter\Router\RouteCollection->processArrayCallableSyntax('dashboard/customer/index', [...])
 2 SYSTEMPATH\Router\RouteCollection.php(1018): CodeIgniter\Router\RouteCollection->create('get', 'dashboard/customer/index', [...], null)
 3 SYSTEMPATH\Router\RouteCollection.php(1005): CodeIgniter\Router\RouteCollection->get('dashboard/customer/index', [...], null)
 4 APPPATH\Config\Routes.php(38): CodeIgniter\Router\RouteCollection->match([...], 'dashboard/customer/index', [...])
 5 SYSTEMPATH\Router\RouteCollection.php(344): require('C:\\xampp\\htdocs\\project-book\\app\\Config\\Routes.php')
 6 SYSTEMPATH\CodeIgniter.php(810): CodeIgniter\Router\RouteCollection->loadRoutes()
 7 SYSTEMPATH\CodeIgniter.php(450): CodeIgniter\CodeIgniter->tryToRouteIt(null)
 8 SYSTEMPATH\CodeIgniter.php(361): CodeIgniter\CodeIgniter->handleRequest(null, Object(Config\Cache), false)
 9 FCPATH\index.php(79): CodeIgniter\CodeIgniter->run()
CRITICAL - 2023-11-26 16:09:50 --> CodeIgniter\Router\RouteCollection::match(): Argument #4 ($options) must be of type ?array, string given, called in C:\xampp\htdocs\project-book\app\Config\Routes.php on line 39
in SYSTEMPATH\Router\RouteCollection.php on line 996.
 1 APPPATH\Config\Routes.php(39): CodeIgniter\Router\RouteCollection->match([...], 'index', [...], 'UserController::customer_index')
 2 SYSTEMPATH\Router\RouteCollection.php(777): CodeIgniter\Router\RouteCollection->{closure}(Object(CodeIgniter\Router\RouteCollection))
 3 APPPATH\Config\Routes.php(38): CodeIgniter\Router\RouteCollection->group('dashboard/customer/', Object(Closure))
 4 SYSTEMPATH\Router\RouteCollection.php(344): require('C:\\xampp\\htdocs\\project-book\\app\\Config\\Routes.php')
 5 SYSTEMPATH\CodeIgniter.php(810): CodeIgniter\Router\RouteCollection->loadRoutes()
 6 SYSTEMPATH\CodeIgniter.php(450): CodeIgniter\CodeIgniter->tryToRouteIt(null)
 7 SYSTEMPATH\CodeIgniter.php(361): CodeIgniter\CodeIgniter->handleRequest(null, Object(Config\Cache), false)
 8 FCPATH\index.php(79): CodeIgniter\CodeIgniter->run()
CRITICAL - 2023-11-26 16:25:49 --> Undefined array key "name"
in APPPATH\Views\userview\Profile.php on line 15.
 1 APPPATH\Views\userview\Profile.php(15): CodeIgniter\Debug\Exceptions->errorHandler(2, 'Undefined array key "name"', 'C:\\xampp\\htdocs\\project-book\\app\\Views\\userview\\Profile.php', 15)
 2 SYSTEMPATH\View\View.php(228): include('C:\\xampp\\htdocs\\project-book\\app\\Views\\userview\\Profile.php')
 3 SYSTEMPATH\View\View.php(231): CodeIgniter\View\View->CodeIgniter\View\{closure}()
 4 SYSTEMPATH\Common.php(1190): CodeIgniter\View\View->render('userview/Profile', [], true)
 5 APPPATH\Controllers\HomeController.php(151): view('userview/Profile', [...])
 6 SYSTEMPATH\CodeIgniter.php(942): App\Controllers\HomeController->index_profile()
 7 SYSTEMPATH\CodeIgniter.php(502): CodeIgniter\CodeIgniter->runController(Object(App\Controllers\HomeController))
 8 SYSTEMPATH\CodeIgniter.php(361): CodeIgniter\CodeIgniter->handleRequest(null, Object(Config\Cache), false)
 9 FCPATH\index.php(79): CodeIgniter\CodeIgniter->run()
