CRITICAL - 2023-11-23 04:32:54 --> Undefined array key "category_id"
in APPPATH\Controllers\HomeController.php on line 37.
 1 APPPATH\Controllers\HomeController.php(37): CodeIgniter\Debug\Exceptions->errorHandler(2, 'Undefined array key "category_id"', 'C:\\xampp\\htdocs\\project-book\\app\\Controllers\\HomeController.php', 37)
 2 SYSTEMPATH\CodeIgniter.php(942): App\Controllers\HomeController->index_bookdetails('1')
 3 SYSTEMPATH\CodeIgniter.php(502): CodeIgniter\CodeIgniter->runController(Object(App\Controllers\HomeController))
 4 SYSTEMPATH\CodeIgniter.php(361): CodeIgniter\CodeIgniter->handleRequest(null, Object(Config\Cache), false)
 5 FCPATH\index.php(79): CodeIgniter\CodeIgniter->run()
CRITICAL - 2023-11-23 04:36:28 --> Undefined array key "name_book"
in APPPATH\Views\userview\Bookdetails.php on line 20.
 1 APPPATH\Views\userview\Bookdetails.php(20): CodeIgniter\Debug\Exceptions->errorHandler(2, 'Undefined array key "name_book"', 'C:\\xampp\\htdocs\\project-book\\app\\Views\\userview\\Bookdetails.php', 20)
 2 SYSTEMPATH\View\View.php(228): include('C:\\xampp\\htdocs\\project-book\\app\\Views\\userview\\Bookdetails.php')
 3 SYSTEMPATH\View\View.php(231): CodeIgniter\View\View->CodeIgniter\View\{closure}()
 4 SYSTEMPATH\Common.php(1190): CodeIgniter\View\View->render('userview/Bookdetails', [], true)
 5 APPPATH\Controllers\HomeController.php(40): view('userview/Bookdetails', [...])
 6 SYSTEMPATH\CodeIgniter.php(942): App\Controllers\HomeController->index_bookdetails('1')
 7 SYSTEMPATH\CodeIgniter.php(502): CodeIgniter\CodeIgniter->runController(Object(App\Controllers\HomeController))
 8 SYSTEMPATH\CodeIgniter.php(361): CodeIgniter\CodeIgniter->handleRequest(null, Object(Config\Cache), false)
 9 FCPATH\index.php(79): CodeIgniter\CodeIgniter->run()
CRITICAL - 2023-11-23 04:37:43 --> Undefined array key "name_category"
in APPPATH\Views\userview\Bookdetails.php on line 29.
 1 APPPATH\Views\userview\Bookdetails.php(29): CodeIgniter\Debug\Exceptions->errorHandler(2, 'Undefined array key "name_category"', 'C:\\xampp\\htdocs\\project-book\\app\\Views\\userview\\Bookdetails.php', 29)
 2 SYSTEMPATH\View\View.php(228): include('C:\\xampp\\htdocs\\project-book\\app\\Views\\userview\\Bookdetails.php')
 3 SYSTEMPATH\View\View.php(231): CodeIgniter\View\View->CodeIgniter\View\{closure}()
 4 SYSTEMPATH\Common.php(1190): CodeIgniter\View\View->render('userview/Bookdetails', [], true)
 5 APPPATH\Controllers\HomeController.php(40): view('userview/Bookdetails', [...])
 6 SYSTEMPATH\CodeIgniter.php(942): App\Controllers\HomeController->index_bookdetails('1')
 7 SYSTEMPATH\CodeIgniter.php(502): CodeIgniter\CodeIgniter->runController(Object(App\Controllers\HomeController))
 8 SYSTEMPATH\CodeIgniter.php(361): CodeIgniter\CodeIgniter->handleRequest(null, Object(Config\Cache), false)
 9 FCPATH\index.php(79): CodeIgniter\CodeIgniter->run()
CRITICAL - 2023-11-23 04:38:39 --> Undefined array key "name_category"
in APPPATH\Views\userview\Bookdetails.php on line 29.
 1 APPPATH\Views\userview\Bookdetails.php(29): CodeIgniter\Debug\Exceptions->errorHandler(2, 'Undefined array key "name_category"', 'C:\\xampp\\htdocs\\project-book\\app\\Views\\userview\\Bookdetails.php', 29)
 2 SYSTEMPATH\View\View.php(228): include('C:\\xampp\\htdocs\\project-book\\app\\Views\\userview\\Bookdetails.php')
 3 SYSTEMPATH\View\View.php(231): CodeIgniter\View\View->CodeIgniter\View\{closure}()
 4 SYSTEMPATH\Common.php(1190): CodeIgniter\View\View->render('userview/Bookdetails', [], true)
 5 APPPATH\Controllers\HomeController.php(38): view('userview/Bookdetails', [...])
 6 SYSTEMPATH\CodeIgniter.php(942): App\Controllers\HomeController->index_bookdetails('1')
 7 SYSTEMPATH\CodeIgniter.php(502): CodeIgniter\CodeIgniter->runController(Object(App\Controllers\HomeController))
 8 SYSTEMPATH\CodeIgniter.php(361): CodeIgniter\CodeIgniter->handleRequest(null, Object(Config\Cache), false)
 9 FCPATH\index.php(79): CodeIgniter\CodeIgniter->run()
CRITICAL - 2023-11-23 04:41:36 --> Undefined array key "pic_book"
in APPPATH\Views\userview\Bookdetails.php on line 18.
 1 APPPATH\Views\userview\Bookdetails.php(18): CodeIgniter\Debug\Exceptions->errorHandler(2, 'Undefined array key "pic_book"', 'C:\\xampp\\htdocs\\project-book\\app\\Views\\userview\\Bookdetails.php', 18)
 2 SYSTEMPATH\View\View.php(228): include('C:\\xampp\\htdocs\\project-book\\app\\Views\\userview\\Bookdetails.php')
 3 SYSTEMPATH\View\View.php(231): CodeIgniter\View\View->CodeIgniter\View\{closure}()
 4 SYSTEMPATH\Common.php(1190): CodeIgniter\View\View->render('userview/Bookdetails', [], true)
 5 APPPATH\Controllers\HomeController.php(38): view('userview/Bookdetails', [...])
 6 SYSTEMPATH\CodeIgniter.php(942): App\Controllers\HomeController->index_bookdetails('2')
 7 SYSTEMPATH\CodeIgniter.php(502): CodeIgniter\CodeIgniter->runController(Object(App\Controllers\HomeController))
 8 SYSTEMPATH\CodeIgniter.php(361): CodeIgniter\CodeIgniter->handleRequest(null, Object(Config\Cache), false)
 9 FCPATH\index.php(79): CodeIgniter\CodeIgniter->run()
CRITICAL - 2023-11-23 07:19:35 --> Undefined variable $book
in APPPATH\Views\userview\Cart.php on line 31.
 1 APPPATH\Views\userview\Cart.php(31): CodeIgniter\Debug\Exceptions->errorHandler(2, 'Undefined variable $book', 'C:\\xampp\\htdocs\\project-book\\app\\Views\\userview\\Cart.php', 31)
 2 SYSTEMPATH\View\View.php(228): include('C:\\xampp\\htdocs\\project-book\\app\\Views\\userview\\Cart.php')
 3 SYSTEMPATH\View\View.php(231): CodeIgniter\View\View->CodeIgniter\View\{closure}()
 4 SYSTEMPATH\Common.php(1190): CodeIgniter\View\View->render('userview/Cart', [], true)
 5 APPPATH\Controllers\HomeController.php(88): view('userview/Cart', [...])
 6 SYSTEMPATH\CodeIgniter.php(942): App\Controllers\HomeController->index_cart()
 7 SYSTEMPATH\CodeIgniter.php(502): CodeIgniter\CodeIgniter->runController(Object(App\Controllers\HomeController))
 8 SYSTEMPATH\CodeIgniter.php(361): CodeIgniter\CodeIgniter->handleRequest(null, Object(Config\Cache), false)
 9 FCPATH\index.php(79): CodeIgniter\CodeIgniter->run()
CRITICAL - 2023-11-23 07:19:46 --> Undefined variable $book
in APPPATH\Views\userview\Cart.php on line 31.
 1 APPPATH\Views\userview\Cart.php(31): CodeIgniter\Debug\Exceptions->errorHandler(2, 'Undefined variable $book', 'C:\\xampp\\htdocs\\project-book\\app\\Views\\userview\\Cart.php', 31)
 2 SYSTEMPATH\View\View.php(228): include('C:\\xampp\\htdocs\\project-book\\app\\Views\\userview\\Cart.php')
 3 SYSTEMPATH\View\View.php(231): CodeIgniter\View\View->CodeIgniter\View\{closure}()
 4 SYSTEMPATH\Common.php(1190): CodeIgniter\View\View->render('userview/Cart', [], true)
 5 APPPATH\Controllers\HomeController.php(88): view('userview/Cart', [...])
 6 SYSTEMPATH\CodeIgniter.php(942): App\Controllers\HomeController->index_cart()
 7 SYSTEMPATH\CodeIgniter.php(502): CodeIgniter\CodeIgniter->runController(Object(App\Controllers\HomeController))
 8 SYSTEMPATH\CodeIgniter.php(361): CodeIgniter\CodeIgniter->handleRequest(null, Object(Config\Cache), false)
 9 FCPATH\index.php(79): CodeIgniter\CodeIgniter->run()
CRITICAL - 2023-11-23 07:20:38 --> Undefined variable $categoryData
in APPPATH\Views\userview\Cart.php on line 181.
 1 APPPATH\Views\userview\Cart.php(181): CodeIgniter\Debug\Exceptions->errorHandler(2, 'Undefined variable $categoryData', 'C:\\xampp\\htdocs\\project-book\\app\\Views\\userview\\Cart.php', 181)
 2 SYSTEMPATH\View\View.php(228): include('C:\\xampp\\htdocs\\project-book\\app\\Views\\userview\\Cart.php')
 3 SYSTEMPATH\View\View.php(231): CodeIgniter\View\View->CodeIgniter\View\{closure}()
 4 SYSTEMPATH\Common.php(1190): CodeIgniter\View\View->render('userview/Cart', [], true)
 5 APPPATH\Controllers\HomeController.php(88): view('userview/Cart', [...])
 6 SYSTEMPATH\CodeIgniter.php(942): App\Controllers\HomeController->index_cart()
 7 SYSTEMPATH\CodeIgniter.php(502): CodeIgniter\CodeIgniter->runController(Object(App\Controllers\HomeController))
 8 SYSTEMPATH\CodeIgniter.php(361): CodeIgniter\CodeIgniter->handleRequest(null, Object(Config\Cache), false)
 9 FCPATH\index.php(79): CodeIgniter\CodeIgniter->run()
CRITICAL - 2023-11-23 07:23:33 --> Undefined array key "pic_book"
in APPPATH\Views\userview\Cart.php on line 32.
 1 APPPATH\Views\userview\Cart.php(32): CodeIgniter\Debug\Exceptions->errorHandler(2, 'Undefined array key "pic_book"', 'C:\\xampp\\htdocs\\project-book\\app\\Views\\userview\\Cart.php', 32)
 2 SYSTEMPATH\View\View.php(228): include('C:\\xampp\\htdocs\\project-book\\app\\Views\\userview\\Cart.php')
 3 SYSTEMPATH\View\View.php(231): CodeIgniter\View\View->CodeIgniter\View\{closure}()
 4 SYSTEMPATH\Common.php(1190): CodeIgniter\View\View->render('userview/Cart', [], true)
 5 APPPATH\Controllers\HomeController.php(88): view('userview/Cart', [...])
 6 SYSTEMPATH\CodeIgniter.php(942): App\Controllers\HomeController->index_cart()
 7 SYSTEMPATH\CodeIgniter.php(502): CodeIgniter\CodeIgniter->runController(Object(App\Controllers\HomeController))
 8 SYSTEMPATH\CodeIgniter.php(361): CodeIgniter\CodeIgniter->handleRequest(null, Object(Config\Cache), false)
 9 FCPATH\index.php(79): CodeIgniter\CodeIgniter->run()
CRITICAL - 2023-11-23 07:24:10 --> Array to string conversion
in APPPATH\Views\userview\Cart.php on line 31.
 1 APPPATH\Views\userview\Cart.php(31): CodeIgniter\Debug\Exceptions->errorHandler(2, 'Array to string conversion', 'C:\\xampp\\htdocs\\project-book\\app\\Views\\userview\\Cart.php', 31)
 2 SYSTEMPATH\View\View.php(228): include('C:\\xampp\\htdocs\\project-book\\app\\Views\\userview\\Cart.php')
 3 SYSTEMPATH\View\View.php(231): CodeIgniter\View\View->CodeIgniter\View\{closure}()
 4 SYSTEMPATH\Common.php(1190): CodeIgniter\View\View->render('userview/Cart', [], true)
 5 APPPATH\Controllers\HomeController.php(88): view('userview/Cart', [...])
 6 SYSTEMPATH\CodeIgniter.php(942): App\Controllers\HomeController->index_cart()
 7 SYSTEMPATH\CodeIgniter.php(502): CodeIgniter\CodeIgniter->runController(Object(App\Controllers\HomeController))
 8 SYSTEMPATH\CodeIgniter.php(361): CodeIgniter\CodeIgniter->handleRequest(null, Object(Config\Cache), false)
 9 FCPATH\index.php(79): CodeIgniter\CodeIgniter->run()
CRITICAL - 2023-11-23 07:24:57 --> Array to string conversion
in APPPATH\Views\userview\Cart.php on line 31.
 1 APPPATH\Views\userview\Cart.php(31): CodeIgniter\Debug\Exceptions->errorHandler(2, 'Array to string conversion', 'C:\\xampp\\htdocs\\project-book\\app\\Views\\userview\\Cart.php', 31)
 2 SYSTEMPATH\View\View.php(228): include('C:\\xampp\\htdocs\\project-book\\app\\Views\\userview\\Cart.php')
 3 SYSTEMPATH\View\View.php(231): CodeIgniter\View\View->CodeIgniter\View\{closure}()
 4 SYSTEMPATH\Common.php(1190): CodeIgniter\View\View->render('userview/Cart', [], true)
 5 APPPATH\Controllers\HomeController.php(88): view('userview/Cart', [...])
 6 SYSTEMPATH\CodeIgniter.php(942): App\Controllers\HomeController->index_cart()
 7 SYSTEMPATH\CodeIgniter.php(502): CodeIgniter\CodeIgniter->runController(Object(App\Controllers\HomeController))
 8 SYSTEMPATH\CodeIgniter.php(361): CodeIgniter\CodeIgniter->handleRequest(null, Object(Config\Cache), false)
 9 FCPATH\index.php(79): CodeIgniter\CodeIgniter->run()
CRITICAL - 2023-11-23 07:25:02 --> Undefined array key 1
in APPPATH\Views\userview\Cart.php on line 31.
 1 APPPATH\Views\userview\Cart.php(31): CodeIgniter\Debug\Exceptions->errorHandler(2, 'Undefined array key 1', 'C:\\xampp\\htdocs\\project-book\\app\\Views\\userview\\Cart.php', 31)
 2 SYSTEMPATH\View\View.php(228): include('C:\\xampp\\htdocs\\project-book\\app\\Views\\userview\\Cart.php')
 3 SYSTEMPATH\View\View.php(231): CodeIgniter\View\View->CodeIgniter\View\{closure}()
 4 SYSTEMPATH\Common.php(1190): CodeIgniter\View\View->render('userview/Cart', [], true)
 5 APPPATH\Controllers\HomeController.php(88): view('userview/Cart', [...])
 6 SYSTEMPATH\CodeIgniter.php(942): App\Controllers\HomeController->index_cart()
 7 SYSTEMPATH\CodeIgniter.php(502): CodeIgniter\CodeIgniter->runController(Object(App\Controllers\HomeController))
 8 SYSTEMPATH\CodeIgniter.php(361): CodeIgniter\CodeIgniter->handleRequest(null, Object(Config\Cache), false)
 9 FCPATH\index.php(79): CodeIgniter\CodeIgniter->run()
CRITICAL - 2023-11-23 07:25:17 --> Undefined array key 1
in APPPATH\Views\userview\Cart.php on line 31.
 1 APPPATH\Views\userview\Cart.php(31): CodeIgniter\Debug\Exceptions->errorHandler(2, 'Undefined array key 1', 'C:\\xampp\\htdocs\\project-book\\app\\Views\\userview\\Cart.php', 31)
 2 SYSTEMPATH\View\View.php(228): include('C:\\xampp\\htdocs\\project-book\\app\\Views\\userview\\Cart.php')
 3 SYSTEMPATH\View\View.php(231): CodeIgniter\View\View->CodeIgniter\View\{closure}()
 4 SYSTEMPATH\Common.php(1190): CodeIgniter\View\View->render('userview/Cart', [], true)
 5 APPPATH\Controllers\HomeController.php(88): view('userview/Cart', [...])
 6 SYSTEMPATH\CodeIgniter.php(942): App\Controllers\HomeController->index_cart()
 7 SYSTEMPATH\CodeIgniter.php(502): CodeIgniter\CodeIgniter->runController(Object(App\Controllers\HomeController))
 8 SYSTEMPATH\CodeIgniter.php(361): CodeIgniter\CodeIgniter->handleRequest(null, Object(Config\Cache), false)
 9 FCPATH\index.php(79): CodeIgniter\CodeIgniter->run()
CRITICAL - 2023-11-23 07:25:18 --> Undefined array key 1
in APPPATH\Views\userview\Cart.php on line 31.
 1 APPPATH\Views\userview\Cart.php(31): CodeIgniter\Debug\Exceptions->errorHandler(2, 'Undefined array key 1', 'C:\\xampp\\htdocs\\project-book\\app\\Views\\userview\\Cart.php', 31)
 2 SYSTEMPATH\View\View.php(228): include('C:\\xampp\\htdocs\\project-book\\app\\Views\\userview\\Cart.php')
 3 SYSTEMPATH\View\View.php(231): CodeIgniter\View\View->CodeIgniter\View\{closure}()
 4 SYSTEMPATH\Common.php(1190): CodeIgniter\View\View->render('userview/Cart', [], true)
 5 APPPATH\Controllers\HomeController.php(88): view('userview/Cart', [...])
 6 SYSTEMPATH\CodeIgniter.php(942): App\Controllers\HomeController->index_cart()
 7 SYSTEMPATH\CodeIgniter.php(502): CodeIgniter\CodeIgniter->runController(Object(App\Controllers\HomeController))
 8 SYSTEMPATH\CodeIgniter.php(361): CodeIgniter\CodeIgniter->handleRequest(null, Object(Config\Cache), false)
 9 FCPATH\index.php(79): CodeIgniter\CodeIgniter->run()
CRITICAL - 2023-11-23 07:27:13 --> Undefined variable $value
in APPPATH\Views\userview\Cart.php on line 31.
 1 APPPATH\Views\userview\Cart.php(31): CodeIgniter\Debug\Exceptions->errorHandler(2, 'Undefined variable $value', 'C:\\xampp\\htdocs\\project-book\\app\\Views\\userview\\Cart.php', 31)
 2 SYSTEMPATH\View\View.php(228): include('C:\\xampp\\htdocs\\project-book\\app\\Views\\userview\\Cart.php')
 3 SYSTEMPATH\View\View.php(231): CodeIgniter\View\View->CodeIgniter\View\{closure}()
 4 SYSTEMPATH\Common.php(1190): CodeIgniter\View\View->render('userview/Cart', [], true)
 5 APPPATH\Controllers\HomeController.php(88): view('userview/Cart', [...])
 6 SYSTEMPATH\CodeIgniter.php(942): App\Controllers\HomeController->index_cart()
 7 SYSTEMPATH\CodeIgniter.php(502): CodeIgniter\CodeIgniter->runController(Object(App\Controllers\HomeController))
 8 SYSTEMPATH\CodeIgniter.php(361): CodeIgniter\CodeIgniter->handleRequest(null, Object(Config\Cache), false)
 9 FCPATH\index.php(79): CodeIgniter\CodeIgniter->run()
CRITICAL - 2023-11-23 07:32:41 --> Cannot access offset of type string on string
in APPPATH\Controllers\HomeController.php on line 88.
 1 SYSTEMPATH\CodeIgniter.php(942): App\Controllers\HomeController->index_cart()
 2 SYSTEMPATH\CodeIgniter.php(502): CodeIgniter\CodeIgniter->runController(Object(App\Controllers\HomeController))
 3 SYSTEMPATH\CodeIgniter.php(361): CodeIgniter\CodeIgniter->handleRequest(null, Object(Config\Cache), false)
 4 FCPATH\index.php(79): CodeIgniter\CodeIgniter->run()
CRITICAL - 2023-11-23 08:38:10 --> Undefined variable $sum
in APPPATH\Views\userview\Cart.php on line 122.
 1 APPPATH\Views\userview\Cart.php(122): CodeIgniter\Debug\Exceptions->errorHandler(2, 'Undefined variable $sum', 'C:\\xampp\\htdocs\\project-book\\app\\Views\\userview\\Cart.php', 122)
 2 SYSTEMPATH\View\View.php(228): include('C:\\xampp\\htdocs\\project-book\\app\\Views\\userview\\Cart.php')
 3 SYSTEMPATH\View\View.php(231): CodeIgniter\View\View->CodeIgniter\View\{closure}()
 4 SYSTEMPATH\Common.php(1190): CodeIgniter\View\View->render('userview/Cart', [], true)
 5 APPPATH\Controllers\HomeController.php(100): view('userview/Cart', [...])
 6 SYSTEMPATH\CodeIgniter.php(942): App\Controllers\HomeController->index_cart()
 7 SYSTEMPATH\CodeIgniter.php(502): CodeIgniter\CodeIgniter->runController(Object(App\Controllers\HomeController))
 8 SYSTEMPATH\CodeIgniter.php(361): CodeIgniter\CodeIgniter->handleRequest(null, Object(Config\Cache), false)
 9 FCPATH\index.php(79): CodeIgniter\CodeIgniter->run()
CRITICAL - 2023-11-23 08:38:34 --> Undefined variable $price_sum
in APPPATH\Views\userview\Cart.php on line 123.
 1 APPPATH\Views\userview\Cart.php(123): CodeIgniter\Debug\Exceptions->errorHandler(2, 'Undefined variable $price_sum', 'C:\\xampp\\htdocs\\project-book\\app\\Views\\userview\\Cart.php', 123)
 2 SYSTEMPATH\View\View.php(228): include('C:\\xampp\\htdocs\\project-book\\app\\Views\\userview\\Cart.php')
 3 SYSTEMPATH\View\View.php(231): CodeIgniter\View\View->CodeIgniter\View\{closure}()
 4 SYSTEMPATH\Common.php(1190): CodeIgniter\View\View->render('userview/Cart', [], true)
 5 APPPATH\Controllers\HomeController.php(100): view('userview/Cart', [...])
 6 SYSTEMPATH\CodeIgniter.php(942): App\Controllers\HomeController->index_cart()
 7 SYSTEMPATH\CodeIgniter.php(502): CodeIgniter\CodeIgniter->runController(Object(App\Controllers\HomeController))
 8 SYSTEMPATH\CodeIgniter.php(361): CodeIgniter\CodeIgniter->handleRequest(null, Object(Config\Cache), false)
 9 FCPATH\index.php(79): CodeIgniter\CodeIgniter->run()
CRITICAL - 2023-11-23 08:44:35 --> Undefined variable $price_sum
in APPPATH\Views\userview\Cart.php on line 123.
 1 APPPATH\Views\userview\Cart.php(123): CodeIgniter\Debug\Exceptions->errorHandler(2, 'Undefined variable $price_sum', 'C:\\xampp\\htdocs\\project-book\\app\\Views\\userview\\Cart.php', 123)
 2 SYSTEMPATH\View\View.php(228): include('C:\\xampp\\htdocs\\project-book\\app\\Views\\userview\\Cart.php')
 3 SYSTEMPATH\View\View.php(231): CodeIgniter\View\View->CodeIgniter\View\{closure}()
 4 SYSTEMPATH\Common.php(1190): CodeIgniter\View\View->render('userview/Cart', [], true)
 5 APPPATH\Controllers\HomeController.php(100): view('userview/Cart', [...])
 6 SYSTEMPATH\CodeIgniter.php(942): App\Controllers\HomeController->index_cart()
 7 SYSTEMPATH\CodeIgniter.php(502): CodeIgniter\CodeIgniter->runController(Object(App\Controllers\HomeController))
 8 SYSTEMPATH\CodeIgniter.php(361): CodeIgniter\CodeIgniter->handleRequest(null, Object(Config\Cache), false)
 9 FCPATH\index.php(79): CodeIgniter\CodeIgniter->run()
