ERROR - 2023-11-19 02:55:37 --> mysqli_sql_exception: Column 'sum_price' cannot be null in C:\xampp\htdocs\project-book\vendor\codeigniter4\framework\system\Database\MySQLi\Connection.php:306
Stack trace:
#0 C:\xampp\htdocs\project-book\vendor\codeigniter4\framework\system\Database\MySQLi\Connection.php(306): mysqli->query('INSERT INTO `hi...', 0)
#1 C:\xampp\htdocs\project-book\vendor\codeigniter4\framework\system\Database\BaseConnection.php(693): CodeIgniter\Database\MySQLi\Connection->execute('INSERT INTO `hi...')
#2 C:\xampp\htdocs\project-book\vendor\codeigniter4\framework\system\Database\BaseConnection.php(607): CodeIgniter\Database\BaseConnection->simpleQuery('INSERT INTO `hi...')
#3 C:\xampp\htdocs\project-book\vendor\codeigniter4\framework\system\Database\BaseBuilder.php(2308): CodeIgniter\Database\BaseConnection->query('INSERT INTO `hi...', Array, false)
#4 C:\xampp\htdocs\project-book\vendor\codeigniter4\framework\system\Model.php(319): CodeIgniter\Database\BaseBuilder->insert()
#5 C:\xampp\htdocs\project-book\vendor\codeigniter4\framework\system\BaseModel.php(788): CodeIgniter\Model->doInsert(Array)
#6 C:\xampp\htdocs\project-book\vendor\codeigniter4\framework\system\Model.php(715): CodeIgniter\BaseModel->insert(Array, false)
#7 C:\xampp\htdocs\project-book\vendor\codeigniter4\framework\system\BaseModel.php(698): CodeIgniter\Model->insert(Array, false)
#8 C:\xampp\htdocs\project-book\app\Controllers\HistoryController.php(48): CodeIgniter\BaseModel->save(Array)
#9 C:\xampp\htdocs\project-book\vendor\codeigniter4\framework\system\CodeIgniter.php(942): App\Controllers\HistoryController->create_history()
#10 C:\xampp\htdocs\project-book\vendor\codeigniter4\framework\system\CodeIgniter.php(502): CodeIgniter\CodeIgniter->runController(Object(App\Controllers\HistoryController))
#11 C:\xampp\htdocs\project-book\vendor\codeigniter4\framework\system\CodeIgniter.php(361): CodeIgniter\CodeIgniter->handleRequest(NULL, Object(Config\Cache), false)
#12 C:\xampp\htdocs\project-book\index.php(79): CodeIgniter\CodeIgniter->run()
#13 {main}
CRITICAL - 2023-11-19 02:55:37 --> Column 'sum_price' cannot be null
in SYSTEMPATH\Database\BaseConnection.php on line 647.
 1 SYSTEMPATH\Database\BaseBuilder.php(2308): CodeIgniter\Database\BaseConnection->query('INSERT INTO `history_book_table` (`id_user`, `id_book`, `rental_date`, `return_date`, `submit_date`, `sum_price`, `late_price`) VALUES (:id_user:, :id_book:, :rental_date:, :return_date:, :submit_date:, :sum_price:, :late_price:)', [...], false)
 2 SYSTEMPATH\Model.php(319): CodeIgniter\Database\BaseBuilder->insert()
 3 SYSTEMPATH\BaseModel.php(788): CodeIgniter\Model->doInsert([...])
 4 SYSTEMPATH\Model.php(715): CodeIgniter\BaseModel->insert([...], false)
 5 SYSTEMPATH\BaseModel.php(698): CodeIgniter\Model->insert([...], false)
 6 APPPATH\Controllers\HistoryController.php(48): CodeIgniter\BaseModel->save([...])
 7 SYSTEMPATH\CodeIgniter.php(942): App\Controllers\HistoryController->create_history()
 8 SYSTEMPATH\CodeIgniter.php(502): CodeIgniter\CodeIgniter->runController(Object(App\Controllers\HistoryController))
 9 SYSTEMPATH\CodeIgniter.php(361): CodeIgniter\CodeIgniter->handleRequest(null, Object(Config\Cache), false)
10 FCPATH\index.php(79): CodeIgniter\CodeIgniter->run()
CRITICAL - 2023-11-19 03:01:04 --> implode(): Argument #2 ($array) must be of type ?array, string given
in APPPATH\Controllers\HistoryController.php on line 39.
 1 APPPATH\Controllers\HistoryController.php(39): implode(',', '4')
 2 SYSTEMPATH\CodeIgniter.php(942): App\Controllers\HistoryController->create_history()
 3 SYSTEMPATH\CodeIgniter.php(502): CodeIgniter\CodeIgniter->runController(Object(App\Controllers\HistoryController))
 4 SYSTEMPATH\CodeIgniter.php(361): CodeIgniter\CodeIgniter->handleRequest(null, Object(Config\Cache), false)
 5 FCPATH\index.php(79): CodeIgniter\CodeIgniter->run()
CRITICAL - 2023-11-19 03:01:08 --> implode(): Argument #1 ($pieces) must be of type array, string given
in APPPATH\Controllers\HistoryController.php on line 39.
 1 APPPATH\Controllers\HistoryController.php(39): implode(',', null)
 2 SYSTEMPATH\CodeIgniter.php(942): App\Controllers\HistoryController->create_history()
 3 SYSTEMPATH\CodeIgniter.php(502): CodeIgniter\CodeIgniter->runController(Object(App\Controllers\HistoryController))
 4 SYSTEMPATH\CodeIgniter.php(361): CodeIgniter\CodeIgniter->handleRequest(null, Object(Config\Cache), false)
 5 FCPATH\index.php(79): CodeIgniter\CodeIgniter->run()
CRITICAL - 2023-11-19 03:01:29 --> implode(): Argument #1 ($pieces) must be of type array, string given
in APPPATH\Controllers\HistoryController.php on line 39.
 1 APPPATH\Controllers\HistoryController.php(39): implode(',', null)
 2 SYSTEMPATH\CodeIgniter.php(942): App\Controllers\HistoryController->create_history()
 3 SYSTEMPATH\CodeIgniter.php(502): CodeIgniter\CodeIgniter->runController(Object(App\Controllers\HistoryController))
 4 SYSTEMPATH\CodeIgniter.php(361): CodeIgniter\CodeIgniter->handleRequest(null, Object(Config\Cache), false)
 5 FCPATH\index.php(79): CodeIgniter\CodeIgniter->run()
CRITICAL - 2023-11-19 03:01:30 --> implode(): Argument #1 ($pieces) must be of type array, string given
in APPPATH\Controllers\HistoryController.php on line 39.
 1 APPPATH\Controllers\HistoryController.php(39): implode(',', null)
 2 SYSTEMPATH\CodeIgniter.php(942): App\Controllers\HistoryController->create_history()
 3 SYSTEMPATH\CodeIgniter.php(502): CodeIgniter\CodeIgniter->runController(Object(App\Controllers\HistoryController))
 4 SYSTEMPATH\CodeIgniter.php(361): CodeIgniter\CodeIgniter->handleRequest(null, Object(Config\Cache), false)
 5 FCPATH\index.php(79): CodeIgniter\CodeIgniter->run()
CRITICAL - 2023-11-19 03:02:31 --> implode(): Argument #1 ($pieces) must be of type array, string given
in APPPATH\Controllers\HistoryController.php on line 39.
 1 APPPATH\Controllers\HistoryController.php(39): implode(',', null)
 2 SYSTEMPATH\CodeIgniter.php(942): App\Controllers\HistoryController->create_history()
 3 SYSTEMPATH\CodeIgniter.php(502): CodeIgniter\CodeIgniter->runController(Object(App\Controllers\HistoryController))
 4 SYSTEMPATH\CodeIgniter.php(361): CodeIgniter\CodeIgniter->handleRequest(null, Object(Config\Cache), false)
 5 FCPATH\index.php(79): CodeIgniter\CodeIgniter->run()
ERROR - 2023-11-19 03:02:42 --> mysqli_sql_exception: Column 'sum_price' cannot be null in C:\xampp\htdocs\project-book\vendor\codeigniter4\framework\system\Database\MySQLi\Connection.php:306
Stack trace:
#0 C:\xampp\htdocs\project-book\vendor\codeigniter4\framework\system\Database\MySQLi\Connection.php(306): mysqli->query('INSERT INTO `hi...', 0)
#1 C:\xampp\htdocs\project-book\vendor\codeigniter4\framework\system\Database\BaseConnection.php(693): CodeIgniter\Database\MySQLi\Connection->execute('INSERT INTO `hi...')
#2 C:\xampp\htdocs\project-book\vendor\codeigniter4\framework\system\Database\BaseConnection.php(607): CodeIgniter\Database\BaseConnection->simpleQuery('INSERT INTO `hi...')
#3 C:\xampp\htdocs\project-book\vendor\codeigniter4\framework\system\Database\BaseBuilder.php(2308): CodeIgniter\Database\BaseConnection->query('INSERT INTO `hi...', Array, false)
#4 C:\xampp\htdocs\project-book\vendor\codeigniter4\framework\system\Model.php(319): CodeIgniter\Database\BaseBuilder->insert()
#5 C:\xampp\htdocs\project-book\vendor\codeigniter4\framework\system\BaseModel.php(788): CodeIgniter\Model->doInsert(Array)
#6 C:\xampp\htdocs\project-book\vendor\codeigniter4\framework\system\Model.php(715): CodeIgniter\BaseModel->insert(Array, false)
#7 C:\xampp\htdocs\project-book\vendor\codeigniter4\framework\system\BaseModel.php(698): CodeIgniter\Model->insert(Array, false)
#8 C:\xampp\htdocs\project-book\app\Controllers\HistoryController.php(49): CodeIgniter\BaseModel->save(Array)
#9 C:\xampp\htdocs\project-book\vendor\codeigniter4\framework\system\CodeIgniter.php(942): App\Controllers\HistoryController->create_history()
#10 C:\xampp\htdocs\project-book\vendor\codeigniter4\framework\system\CodeIgniter.php(502): CodeIgniter\CodeIgniter->runController(Object(App\Controllers\HistoryController))
#11 C:\xampp\htdocs\project-book\vendor\codeigniter4\framework\system\CodeIgniter.php(361): CodeIgniter\CodeIgniter->handleRequest(NULL, Object(Config\Cache), false)
#12 C:\xampp\htdocs\project-book\index.php(79): CodeIgniter\CodeIgniter->run()
#13 {main}
CRITICAL - 2023-11-19 03:02:42 --> Column 'sum_price' cannot be null
in SYSTEMPATH\Database\BaseConnection.php on line 647.
 1 SYSTEMPATH\Database\BaseBuilder.php(2308): CodeIgniter\Database\BaseConnection->query('INSERT INTO `history_book_table` (`id_user`, `id_book`, `rental_date`, `return_date`, `submit_date`, `sum_price`, `late_price`) VALUES (:id_user:, :id_book:, :rental_date:, :return_date:, :submit_date:, :sum_price:, :late_price:)', [...], false)
 2 SYSTEMPATH\Model.php(319): CodeIgniter\Database\BaseBuilder->insert()
 3 SYSTEMPATH\BaseModel.php(788): CodeIgniter\Model->doInsert([...])
 4 SYSTEMPATH\Model.php(715): CodeIgniter\BaseModel->insert([...], false)
 5 SYSTEMPATH\BaseModel.php(698): CodeIgniter\Model->insert([...], false)
 6 APPPATH\Controllers\HistoryController.php(49): CodeIgniter\BaseModel->save([...])
 7 SYSTEMPATH\CodeIgniter.php(942): App\Controllers\HistoryController->create_history()
 8 SYSTEMPATH\CodeIgniter.php(502): CodeIgniter\CodeIgniter->runController(Object(App\Controllers\HistoryController))
 9 SYSTEMPATH\CodeIgniter.php(361): CodeIgniter\CodeIgniter->handleRequest(null, Object(Config\Cache), false)
10 FCPATH\index.php(79): CodeIgniter\CodeIgniter->run()
CRITICAL - 2023-11-19 03:02:45 --> implode(): Argument #1 ($pieces) must be of type array, string given
in APPPATH\Controllers\HistoryController.php on line 39.
 1 APPPATH\Controllers\HistoryController.php(39): implode(',', null)
 2 SYSTEMPATH\CodeIgniter.php(942): App\Controllers\HistoryController->create_history()
 3 SYSTEMPATH\CodeIgniter.php(502): CodeIgniter\CodeIgniter->runController(Object(App\Controllers\HistoryController))
 4 SYSTEMPATH\CodeIgniter.php(361): CodeIgniter\CodeIgniter->handleRequest(null, Object(Config\Cache), false)
 5 FCPATH\index.php(79): CodeIgniter\CodeIgniter->run()
ERROR - 2023-11-19 03:03:18 --> mysqli_sql_exception: Column 'sum_price' cannot be null in C:\xampp\htdocs\project-book\vendor\codeigniter4\framework\system\Database\MySQLi\Connection.php:306
Stack trace:
#0 C:\xampp\htdocs\project-book\vendor\codeigniter4\framework\system\Database\MySQLi\Connection.php(306): mysqli->query('INSERT INTO `hi...', 0)
#1 C:\xampp\htdocs\project-book\vendor\codeigniter4\framework\system\Database\BaseConnection.php(693): CodeIgniter\Database\MySQLi\Connection->execute('INSERT INTO `hi...')
#2 C:\xampp\htdocs\project-book\vendor\codeigniter4\framework\system\Database\BaseConnection.php(607): CodeIgniter\Database\BaseConnection->simpleQuery('INSERT INTO `hi...')
#3 C:\xampp\htdocs\project-book\vendor\codeigniter4\framework\system\Database\BaseBuilder.php(2308): CodeIgniter\Database\BaseConnection->query('INSERT INTO `hi...', Array, false)
#4 C:\xampp\htdocs\project-book\vendor\codeigniter4\framework\system\Model.php(319): CodeIgniter\Database\BaseBuilder->insert()
#5 C:\xampp\htdocs\project-book\vendor\codeigniter4\framework\system\BaseModel.php(788): CodeIgniter\Model->doInsert(Array)
#6 C:\xampp\htdocs\project-book\vendor\codeigniter4\framework\system\Model.php(715): CodeIgniter\BaseModel->insert(Array, false)
#7 C:\xampp\htdocs\project-book\vendor\codeigniter4\framework\system\BaseModel.php(698): CodeIgniter\Model->insert(Array, false)
#8 C:\xampp\htdocs\project-book\app\Controllers\HistoryController.php(49): CodeIgniter\BaseModel->save(Array)
#9 C:\xampp\htdocs\project-book\vendor\codeigniter4\framework\system\CodeIgniter.php(942): App\Controllers\HistoryController->create_history()
#10 C:\xampp\htdocs\project-book\vendor\codeigniter4\framework\system\CodeIgniter.php(502): CodeIgniter\CodeIgniter->runController(Object(App\Controllers\HistoryController))
#11 C:\xampp\htdocs\project-book\vendor\codeigniter4\framework\system\CodeIgniter.php(361): CodeIgniter\CodeIgniter->handleRequest(NULL, Object(Config\Cache), false)
#12 C:\xampp\htdocs\project-book\index.php(79): CodeIgniter\CodeIgniter->run()
#13 {main}
CRITICAL - 2023-11-19 03:03:18 --> Column 'sum_price' cannot be null
in SYSTEMPATH\Database\BaseConnection.php on line 647.
 1 SYSTEMPATH\Database\BaseBuilder.php(2308): CodeIgniter\Database\BaseConnection->query('INSERT INTO `history_book_table` (`id_user`, `id_book`, `rental_date`, `return_date`, `submit_date`, `sum_price`, `late_price`) VALUES (:id_user:, :id_book:, :rental_date:, :return_date:, :submit_date:, :sum_price:, :late_price:)', [...], false)
 2 SYSTEMPATH\Model.php(319): CodeIgniter\Database\BaseBuilder->insert()
 3 SYSTEMPATH\BaseModel.php(788): CodeIgniter\Model->doInsert([...])
 4 SYSTEMPATH\Model.php(715): CodeIgniter\BaseModel->insert([...], false)
 5 SYSTEMPATH\BaseModel.php(698): CodeIgniter\Model->insert([...], false)
 6 APPPATH\Controllers\HistoryController.php(49): CodeIgniter\BaseModel->save([...])
 7 SYSTEMPATH\CodeIgniter.php(942): App\Controllers\HistoryController->create_history()
 8 SYSTEMPATH\CodeIgniter.php(502): CodeIgniter\CodeIgniter->runController(Object(App\Controllers\HistoryController))
 9 SYSTEMPATH\CodeIgniter.php(361): CodeIgniter\CodeIgniter->handleRequest(null, Object(Config\Cache), false)
10 FCPATH\index.php(79): CodeIgniter\CodeIgniter->run()
CRITICAL - 2023-11-19 03:03:21 --> implode(): Argument #1 ($pieces) must be of type array, string given
in APPPATH\Controllers\HistoryController.php on line 39.
 1 APPPATH\Controllers\HistoryController.php(39): implode(',', null)
 2 SYSTEMPATH\CodeIgniter.php(942): App\Controllers\HistoryController->create_history()
 3 SYSTEMPATH\CodeIgniter.php(502): CodeIgniter\CodeIgniter->runController(Object(App\Controllers\HistoryController))
 4 SYSTEMPATH\CodeIgniter.php(361): CodeIgniter\CodeIgniter->handleRequest(null, Object(Config\Cache), false)
 5 FCPATH\index.php(79): CodeIgniter\CodeIgniter->run()
ERROR - 2023-11-19 03:06:39 --> mysqli_sql_exception: Operand should contain 1 column(s) in C:\xampp\htdocs\project-book\vendor\codeigniter4\framework\system\Database\MySQLi\Connection.php:306
Stack trace:
#0 C:\xampp\htdocs\project-book\vendor\codeigniter4\framework\system\Database\MySQLi\Connection.php(306): mysqli->query('INSERT INTO `hi...', 0)
#1 C:\xampp\htdocs\project-book\vendor\codeigniter4\framework\system\Database\BaseConnection.php(693): CodeIgniter\Database\MySQLi\Connection->execute('INSERT INTO `hi...')
#2 C:\xampp\htdocs\project-book\vendor\codeigniter4\framework\system\Database\BaseConnection.php(607): CodeIgniter\Database\BaseConnection->simpleQuery('INSERT INTO `hi...')
#3 C:\xampp\htdocs\project-book\vendor\codeigniter4\framework\system\Database\BaseBuilder.php(2308): CodeIgniter\Database\BaseConnection->query('INSERT INTO `hi...', Array, false)
#4 C:\xampp\htdocs\project-book\vendor\codeigniter4\framework\system\Model.php(319): CodeIgniter\Database\BaseBuilder->insert()
#5 C:\xampp\htdocs\project-book\vendor\codeigniter4\framework\system\BaseModel.php(788): CodeIgniter\Model->doInsert(Array)
#6 C:\xampp\htdocs\project-book\vendor\codeigniter4\framework\system\Model.php(715): CodeIgniter\BaseModel->insert(Array, false)
#7 C:\xampp\htdocs\project-book\vendor\codeigniter4\framework\system\BaseModel.php(698): CodeIgniter\Model->insert(Array, false)
#8 C:\xampp\htdocs\project-book\app\Controllers\HistoryController.php(48): CodeIgniter\BaseModel->save(Array)
#9 C:\xampp\htdocs\project-book\vendor\codeigniter4\framework\system\CodeIgniter.php(942): App\Controllers\HistoryController->create_history()
#10 C:\xampp\htdocs\project-book\vendor\codeigniter4\framework\system\CodeIgniter.php(502): CodeIgniter\CodeIgniter->runController(Object(App\Controllers\HistoryController))
#11 C:\xampp\htdocs\project-book\vendor\codeigniter4\framework\system\CodeIgniter.php(361): CodeIgniter\CodeIgniter->handleRequest(NULL, Object(Config\Cache), false)
#12 C:\xampp\htdocs\project-book\index.php(79): CodeIgniter\CodeIgniter->run()
#13 {main}
CRITICAL - 2023-11-19 03:06:39 --> Operand should contain 1 column(s)
in SYSTEMPATH\Database\BaseConnection.php on line 647.
 1 SYSTEMPATH\Database\BaseBuilder.php(2308): CodeIgniter\Database\BaseConnection->query('INSERT INTO `history_book_table` (`id_user`, `id_book`, `rental_date`, `return_date`, `submit_date`, `sum_price`, `late_price`) VALUES (:id_user:, :id_book:, :rental_date:, :return_date:, :submit_date:, :sum_price:, :late_price:)', [...], false)
 2 SYSTEMPATH\Model.php(319): CodeIgniter\Database\BaseBuilder->insert()
 3 SYSTEMPATH\BaseModel.php(788): CodeIgniter\Model->doInsert([...])
 4 SYSTEMPATH\Model.php(715): CodeIgniter\BaseModel->insert([...], false)
 5 SYSTEMPATH\BaseModel.php(698): CodeIgniter\Model->insert([...], false)
 6 APPPATH\Controllers\HistoryController.php(48): CodeIgniter\BaseModel->save([...])
 7 SYSTEMPATH\CodeIgniter.php(942): App\Controllers\HistoryController->create_history()
 8 SYSTEMPATH\CodeIgniter.php(502): CodeIgniter\CodeIgniter->runController(Object(App\Controllers\HistoryController))
 9 SYSTEMPATH\CodeIgniter.php(361): CodeIgniter\CodeIgniter->handleRequest(null, Object(Config\Cache), false)
10 FCPATH\index.php(79): CodeIgniter\CodeIgniter->run()
ERROR - 2023-11-19 03:06:41 --> mysqli_sql_exception: Column 'id_user' cannot be null in C:\xampp\htdocs\project-book\vendor\codeigniter4\framework\system\Database\MySQLi\Connection.php:306
Stack trace:
#0 C:\xampp\htdocs\project-book\vendor\codeigniter4\framework\system\Database\MySQLi\Connection.php(306): mysqli->query('INSERT INTO `hi...', 0)
#1 C:\xampp\htdocs\project-book\vendor\codeigniter4\framework\system\Database\BaseConnection.php(693): CodeIgniter\Database\MySQLi\Connection->execute('INSERT INTO `hi...')
#2 C:\xampp\htdocs\project-book\vendor\codeigniter4\framework\system\Database\BaseConnection.php(607): CodeIgniter\Database\BaseConnection->simpleQuery('INSERT INTO `hi...')
#3 C:\xampp\htdocs\project-book\vendor\codeigniter4\framework\system\Database\BaseBuilder.php(2308): CodeIgniter\Database\BaseConnection->query('INSERT INTO `hi...', Array, false)
#4 C:\xampp\htdocs\project-book\vendor\codeigniter4\framework\system\Model.php(319): CodeIgniter\Database\BaseBuilder->insert()
#5 C:\xampp\htdocs\project-book\vendor\codeigniter4\framework\system\BaseModel.php(788): CodeIgniter\Model->doInsert(Array)
#6 C:\xampp\htdocs\project-book\vendor\codeigniter4\framework\system\Model.php(715): CodeIgniter\BaseModel->insert(Array, false)
#7 C:\xampp\htdocs\project-book\vendor\codeigniter4\framework\system\BaseModel.php(698): CodeIgniter\Model->insert(Array, false)
#8 C:\xampp\htdocs\project-book\app\Controllers\HistoryController.php(48): CodeIgniter\BaseModel->save(Array)
#9 C:\xampp\htdocs\project-book\vendor\codeigniter4\framework\system\CodeIgniter.php(942): App\Controllers\HistoryController->create_history()
#10 C:\xampp\htdocs\project-book\vendor\codeigniter4\framework\system\CodeIgniter.php(502): CodeIgniter\CodeIgniter->runController(Object(App\Controllers\HistoryController))
#11 C:\xampp\htdocs\project-book\vendor\codeigniter4\framework\system\CodeIgniter.php(361): CodeIgniter\CodeIgniter->handleRequest(NULL, Object(Config\Cache), false)
#12 C:\xampp\htdocs\project-book\index.php(79): CodeIgniter\CodeIgniter->run()
#13 {main}
CRITICAL - 2023-11-19 03:06:41 --> Column 'id_user' cannot be null
in SYSTEMPATH\Database\BaseConnection.php on line 647.
 1 SYSTEMPATH\Database\BaseBuilder.php(2308): CodeIgniter\Database\BaseConnection->query('INSERT INTO `history_book_table` (`id_user`, `id_book`, `rental_date`, `return_date`, `submit_date`, `sum_price`, `late_price`) VALUES (:id_user:, :id_book:, :rental_date:, :return_date:, :submit_date:, :sum_price:, :late_price:)', [...], false)
 2 SYSTEMPATH\Model.php(319): CodeIgniter\Database\BaseBuilder->insert()
 3 SYSTEMPATH\BaseModel.php(788): CodeIgniter\Model->doInsert([...])
 4 SYSTEMPATH\Model.php(715): CodeIgniter\BaseModel->insert([...], false)
 5 SYSTEMPATH\BaseModel.php(698): CodeIgniter\Model->insert([...], false)
 6 APPPATH\Controllers\HistoryController.php(48): CodeIgniter\BaseModel->save([...])
 7 SYSTEMPATH\CodeIgniter.php(942): App\Controllers\HistoryController->create_history()
 8 SYSTEMPATH\CodeIgniter.php(502): CodeIgniter\CodeIgniter->runController(Object(App\Controllers\HistoryController))
 9 SYSTEMPATH\CodeIgniter.php(361): CodeIgniter\CodeIgniter->handleRequest(null, Object(Config\Cache), false)
10 FCPATH\index.php(79): CodeIgniter\CodeIgniter->run()
ERROR - 2023-11-19 03:08:05 --> mysqli_sql_exception: Column 'sum_price' cannot be null in C:\xampp\htdocs\project-book\vendor\codeigniter4\framework\system\Database\MySQLi\Connection.php:306
Stack trace:
#0 C:\xampp\htdocs\project-book\vendor\codeigniter4\framework\system\Database\MySQLi\Connection.php(306): mysqli->query('INSERT INTO `hi...', 0)
#1 C:\xampp\htdocs\project-book\vendor\codeigniter4\framework\system\Database\BaseConnection.php(693): CodeIgniter\Database\MySQLi\Connection->execute('INSERT INTO `hi...')
#2 C:\xampp\htdocs\project-book\vendor\codeigniter4\framework\system\Database\BaseConnection.php(607): CodeIgniter\Database\BaseConnection->simpleQuery('INSERT INTO `hi...')
#3 C:\xampp\htdocs\project-book\vendor\codeigniter4\framework\system\Database\BaseBuilder.php(2308): CodeIgniter\Database\BaseConnection->query('INSERT INTO `hi...', Array, false)
#4 C:\xampp\htdocs\project-book\vendor\codeigniter4\framework\system\Model.php(319): CodeIgniter\Database\BaseBuilder->insert()
#5 C:\xampp\htdocs\project-book\vendor\codeigniter4\framework\system\BaseModel.php(788): CodeIgniter\Model->doInsert(Array)
#6 C:\xampp\htdocs\project-book\vendor\codeigniter4\framework\system\Model.php(715): CodeIgniter\BaseModel->insert(Array, false)
#7 C:\xampp\htdocs\project-book\vendor\codeigniter4\framework\system\BaseModel.php(698): CodeIgniter\Model->insert(Array, false)
#8 C:\xampp\htdocs\project-book\app\Controllers\HistoryController.php(49): CodeIgniter\BaseModel->save(Array)
#9 C:\xampp\htdocs\project-book\vendor\codeigniter4\framework\system\CodeIgniter.php(942): App\Controllers\HistoryController->create_history()
#10 C:\xampp\htdocs\project-book\vendor\codeigniter4\framework\system\CodeIgniter.php(502): CodeIgniter\CodeIgniter->runController(Object(App\Controllers\HistoryController))
#11 C:\xampp\htdocs\project-book\vendor\codeigniter4\framework\system\CodeIgniter.php(361): CodeIgniter\CodeIgniter->handleRequest(NULL, Object(Config\Cache), false)
#12 C:\xampp\htdocs\project-book\index.php(79): CodeIgniter\CodeIgniter->run()
#13 {main}
CRITICAL - 2023-11-19 03:08:05 --> Column 'sum_price' cannot be null
in SYSTEMPATH\Database\BaseConnection.php on line 647.
 1 SYSTEMPATH\Database\BaseBuilder.php(2308): CodeIgniter\Database\BaseConnection->query('INSERT INTO `history_book_table` (`id_user`, `id_book`, `rental_date`, `return_date`, `submit_date`, `sum_price`, `late_price`) VALUES (:id_user:, :id_book:, :rental_date:, :return_date:, :submit_date:, :sum_price:, :late_price:)', [...], false)
 2 SYSTEMPATH\Model.php(319): CodeIgniter\Database\BaseBuilder->insert()
 3 SYSTEMPATH\BaseModel.php(788): CodeIgniter\Model->doInsert([...])
 4 SYSTEMPATH\Model.php(715): CodeIgniter\BaseModel->insert([...], false)
 5 SYSTEMPATH\BaseModel.php(698): CodeIgniter\Model->insert([...], false)
 6 APPPATH\Controllers\HistoryController.php(49): CodeIgniter\BaseModel->save([...])
 7 SYSTEMPATH\CodeIgniter.php(942): App\Controllers\HistoryController->create_history()
 8 SYSTEMPATH\CodeIgniter.php(502): CodeIgniter\CodeIgniter->runController(Object(App\Controllers\HistoryController))
 9 SYSTEMPATH\CodeIgniter.php(361): CodeIgniter\CodeIgniter->handleRequest(null, Object(Config\Cache), false)
10 FCPATH\index.php(79): CodeIgniter\CodeIgniter->run()
CRITICAL - 2023-11-19 03:08:08 --> implode(): Argument #1 ($pieces) must be of type array, string given
in APPPATH\Controllers\HistoryController.php on line 39.
 1 APPPATH\Controllers\HistoryController.php(39): implode(',', null)
 2 SYSTEMPATH\CodeIgniter.php(942): App\Controllers\HistoryController->create_history()
 3 SYSTEMPATH\CodeIgniter.php(502): CodeIgniter\CodeIgniter->runController(Object(App\Controllers\HistoryController))
 4 SYSTEMPATH\CodeIgniter.php(361): CodeIgniter\CodeIgniter->handleRequest(null, Object(Config\Cache), false)
 5 FCPATH\index.php(79): CodeIgniter\CodeIgniter->run()
ERROR - 2023-11-19 03:14:12 --> mysqli_sql_exception: Operand should contain 1 column(s) in C:\xampp\htdocs\project-book\vendor\codeigniter4\framework\system\Database\MySQLi\Connection.php:306
Stack trace:
#0 C:\xampp\htdocs\project-book\vendor\codeigniter4\framework\system\Database\MySQLi\Connection.php(306): mysqli->query('INSERT INTO `hi...', 0)
#1 C:\xampp\htdocs\project-book\vendor\codeigniter4\framework\system\Database\BaseConnection.php(693): CodeIgniter\Database\MySQLi\Connection->execute('INSERT INTO `hi...')
#2 C:\xampp\htdocs\project-book\vendor\codeigniter4\framework\system\Database\BaseConnection.php(607): CodeIgniter\Database\BaseConnection->simpleQuery('INSERT INTO `hi...')
#3 C:\xampp\htdocs\project-book\vendor\codeigniter4\framework\system\Database\BaseBuilder.php(2308): CodeIgniter\Database\BaseConnection->query('INSERT INTO `hi...', Array, false)
#4 C:\xampp\htdocs\project-book\vendor\codeigniter4\framework\system\Model.php(319): CodeIgniter\Database\BaseBuilder->insert()
#5 C:\xampp\htdocs\project-book\vendor\codeigniter4\framework\system\BaseModel.php(788): CodeIgniter\Model->doInsert(Array)
#6 C:\xampp\htdocs\project-book\vendor\codeigniter4\framework\system\Model.php(715): CodeIgniter\BaseModel->insert(Array, false)
#7 C:\xampp\htdocs\project-book\vendor\codeigniter4\framework\system\BaseModel.php(698): CodeIgniter\Model->insert(Array, false)
#8 C:\xampp\htdocs\project-book\app\Controllers\HistoryController.php(48): CodeIgniter\BaseModel->save(Array)
#9 C:\xampp\htdocs\project-book\vendor\codeigniter4\framework\system\CodeIgniter.php(942): App\Controllers\HistoryController->create_history()
#10 C:\xampp\htdocs\project-book\vendor\codeigniter4\framework\system\CodeIgniter.php(502): CodeIgniter\CodeIgniter->runController(Object(App\Controllers\HistoryController))
#11 C:\xampp\htdocs\project-book\vendor\codeigniter4\framework\system\CodeIgniter.php(361): CodeIgniter\CodeIgniter->handleRequest(NULL, Object(Config\Cache), false)
#12 C:\xampp\htdocs\project-book\index.php(79): CodeIgniter\CodeIgniter->run()
#13 {main}
CRITICAL - 2023-11-19 03:14:12 --> Operand should contain 1 column(s)
in SYSTEMPATH\Database\BaseConnection.php on line 647.
 1 SYSTEMPATH\Database\BaseBuilder.php(2308): CodeIgniter\Database\BaseConnection->query('INSERT INTO `history_book_table` (`id_user`, `id_book`, `rental_date`, `return_date`, `submit_date`, `sum_price`, `late_price`) VALUES (:id_user:, :id_book:, :rental_date:, :return_date:, :submit_date:, :sum_price:, :late_price:)', [...], false)
 2 SYSTEMPATH\Model.php(319): CodeIgniter\Database\BaseBuilder->insert()
 3 SYSTEMPATH\BaseModel.php(788): CodeIgniter\Model->doInsert([...])
 4 SYSTEMPATH\Model.php(715): CodeIgniter\BaseModel->insert([...], false)
 5 SYSTEMPATH\BaseModel.php(698): CodeIgniter\Model->insert([...], false)
 6 APPPATH\Controllers\HistoryController.php(48): CodeIgniter\BaseModel->save([...])
 7 SYSTEMPATH\CodeIgniter.php(942): App\Controllers\HistoryController->create_history()
 8 SYSTEMPATH\CodeIgniter.php(502): CodeIgniter\CodeIgniter->runController(Object(App\Controllers\HistoryController))
 9 SYSTEMPATH\CodeIgniter.php(361): CodeIgniter\CodeIgniter->handleRequest(null, Object(Config\Cache), false)
10 FCPATH\index.php(79): CodeIgniter\CodeIgniter->run()
ERROR - 2023-11-19 03:20:27 --> mysqli_sql_exception: Column 'sum_price' cannot be null in C:\xampp\htdocs\project-book\vendor\codeigniter4\framework\system\Database\MySQLi\Connection.php:306
Stack trace:
#0 C:\xampp\htdocs\project-book\vendor\codeigniter4\framework\system\Database\MySQLi\Connection.php(306): mysqli->query('INSERT INTO `hi...', 0)
#1 C:\xampp\htdocs\project-book\vendor\codeigniter4\framework\system\Database\BaseConnection.php(693): CodeIgniter\Database\MySQLi\Connection->execute('INSERT INTO `hi...')
#2 C:\xampp\htdocs\project-book\vendor\codeigniter4\framework\system\Database\BaseConnection.php(607): CodeIgniter\Database\BaseConnection->simpleQuery('INSERT INTO `hi...')
#3 C:\xampp\htdocs\project-book\vendor\codeigniter4\framework\system\Database\BaseBuilder.php(2308): CodeIgniter\Database\BaseConnection->query('INSERT INTO `hi...', Array, false)
#4 C:\xampp\htdocs\project-book\vendor\codeigniter4\framework\system\Model.php(319): CodeIgniter\Database\BaseBuilder->insert()
#5 C:\xampp\htdocs\project-book\vendor\codeigniter4\framework\system\BaseModel.php(788): CodeIgniter\Model->doInsert(Array)
#6 C:\xampp\htdocs\project-book\vendor\codeigniter4\framework\system\Model.php(715): CodeIgniter\BaseModel->insert(Array, false)
#7 C:\xampp\htdocs\project-book\vendor\codeigniter4\framework\system\BaseModel.php(698): CodeIgniter\Model->insert(Array, false)
#8 C:\xampp\htdocs\project-book\app\Controllers\HistoryController.php(48): CodeIgniter\BaseModel->save(Array)
#9 C:\xampp\htdocs\project-book\vendor\codeigniter4\framework\system\CodeIgniter.php(942): App\Controllers\HistoryController->create_history()
#10 C:\xampp\htdocs\project-book\vendor\codeigniter4\framework\system\CodeIgniter.php(502): CodeIgniter\CodeIgniter->runController(Object(App\Controllers\HistoryController))
#11 C:\xampp\htdocs\project-book\vendor\codeigniter4\framework\system\CodeIgniter.php(361): CodeIgniter\CodeIgniter->handleRequest(NULL, Object(Config\Cache), false)
#12 C:\xampp\htdocs\project-book\index.php(79): CodeIgniter\CodeIgniter->run()
#13 {main}
CRITICAL - 2023-11-19 03:20:27 --> Column 'sum_price' cannot be null
in SYSTEMPATH\Database\BaseConnection.php on line 647.
 1 SYSTEMPATH\Database\BaseBuilder.php(2308): CodeIgniter\Database\BaseConnection->query('INSERT INTO `history_book_table` (`id_user`, `id_book`, `rental_date`, `return_date`, `submit_date`, `sum_price`, `late_price`) VALUES (:id_user:, :id_book:, :rental_date:, :return_date:, :submit_date:, :sum_price:, :late_price:)', [...], false)
 2 SYSTEMPATH\Model.php(319): CodeIgniter\Database\BaseBuilder->insert()
 3 SYSTEMPATH\BaseModel.php(788): CodeIgniter\Model->doInsert([...])
 4 SYSTEMPATH\Model.php(715): CodeIgniter\BaseModel->insert([...], false)
 5 SYSTEMPATH\BaseModel.php(698): CodeIgniter\Model->insert([...], false)
 6 APPPATH\Controllers\HistoryController.php(48): CodeIgniter\BaseModel->save([...])
 7 SYSTEMPATH\CodeIgniter.php(942): App\Controllers\HistoryController->create_history()
 8 SYSTEMPATH\CodeIgniter.php(502): CodeIgniter\CodeIgniter->runController(Object(App\Controllers\HistoryController))
 9 SYSTEMPATH\CodeIgniter.php(361): CodeIgniter\CodeIgniter->handleRequest(null, Object(Config\Cache), false)
10 FCPATH\index.php(79): CodeIgniter\CodeIgniter->run()
ERROR - 2023-11-19 03:20:30 --> mysqli_sql_exception: Column 'id_user' cannot be null in C:\xampp\htdocs\project-book\vendor\codeigniter4\framework\system\Database\MySQLi\Connection.php:306
Stack trace:
#0 C:\xampp\htdocs\project-book\vendor\codeigniter4\framework\system\Database\MySQLi\Connection.php(306): mysqli->query('INSERT INTO `hi...', 0)
#1 C:\xampp\htdocs\project-book\vendor\codeigniter4\framework\system\Database\BaseConnection.php(693): CodeIgniter\Database\MySQLi\Connection->execute('INSERT INTO `hi...')
#2 C:\xampp\htdocs\project-book\vendor\codeigniter4\framework\system\Database\BaseConnection.php(607): CodeIgniter\Database\BaseConnection->simpleQuery('INSERT INTO `hi...')
#3 C:\xampp\htdocs\project-book\vendor\codeigniter4\framework\system\Database\BaseBuilder.php(2308): CodeIgniter\Database\BaseConnection->query('INSERT INTO `hi...', Array, false)
#4 C:\xampp\htdocs\project-book\vendor\codeigniter4\framework\system\Model.php(319): CodeIgniter\Database\BaseBuilder->insert()
#5 C:\xampp\htdocs\project-book\vendor\codeigniter4\framework\system\BaseModel.php(788): CodeIgniter\Model->doInsert(Array)
#6 C:\xampp\htdocs\project-book\vendor\codeigniter4\framework\system\Model.php(715): CodeIgniter\BaseModel->insert(Array, false)
#7 C:\xampp\htdocs\project-book\vendor\codeigniter4\framework\system\BaseModel.php(698): CodeIgniter\Model->insert(Array, false)
#8 C:\xampp\htdocs\project-book\app\Controllers\HistoryController.php(48): CodeIgniter\BaseModel->save(Array)
#9 C:\xampp\htdocs\project-book\vendor\codeigniter4\framework\system\CodeIgniter.php(942): App\Controllers\HistoryController->create_history()
#10 C:\xampp\htdocs\project-book\vendor\codeigniter4\framework\system\CodeIgniter.php(502): CodeIgniter\CodeIgniter->runController(Object(App\Controllers\HistoryController))
#11 C:\xampp\htdocs\project-book\vendor\codeigniter4\framework\system\CodeIgniter.php(361): CodeIgniter\CodeIgniter->handleRequest(NULL, Object(Config\Cache), false)
#12 C:\xampp\htdocs\project-book\index.php(79): CodeIgniter\CodeIgniter->run()
#13 {main}
CRITICAL - 2023-11-19 03:20:30 --> Column 'id_user' cannot be null
in SYSTEMPATH\Database\BaseConnection.php on line 647.
 1 SYSTEMPATH\Database\BaseBuilder.php(2308): CodeIgniter\Database\BaseConnection->query('INSERT INTO `history_book_table` (`id_user`, `id_book`, `rental_date`, `return_date`, `submit_date`, `sum_price`, `late_price`) VALUES (:id_user:, :id_book:, :rental_date:, :return_date:, :submit_date:, :sum_price:, :late_price:)', [...], false)
 2 SYSTEMPATH\Model.php(319): CodeIgniter\Database\BaseBuilder->insert()
 3 SYSTEMPATH\BaseModel.php(788): CodeIgniter\Model->doInsert([...])
 4 SYSTEMPATH\Model.php(715): CodeIgniter\BaseModel->insert([...], false)
 5 SYSTEMPATH\BaseModel.php(698): CodeIgniter\Model->insert([...], false)
 6 APPPATH\Controllers\HistoryController.php(48): CodeIgniter\BaseModel->save([...])
 7 SYSTEMPATH\CodeIgniter.php(942): App\Controllers\HistoryController->create_history()
 8 SYSTEMPATH\CodeIgniter.php(502): CodeIgniter\CodeIgniter->runController(Object(App\Controllers\HistoryController))
 9 SYSTEMPATH\CodeIgniter.php(361): CodeIgniter\CodeIgniter->handleRequest(null, Object(Config\Cache), false)
10 FCPATH\index.php(79): CodeIgniter\CodeIgniter->run()
ERROR - 2023-11-19 03:22:04 --> mysqli_sql_exception: Column 'sum_price' cannot be null in C:\xampp\htdocs\project-book\vendor\codeigniter4\framework\system\Database\MySQLi\Connection.php:306
Stack trace:
#0 C:\xampp\htdocs\project-book\vendor\codeigniter4\framework\system\Database\MySQLi\Connection.php(306): mysqli->query('INSERT INTO `hi...', 0)
#1 C:\xampp\htdocs\project-book\vendor\codeigniter4\framework\system\Database\BaseConnection.php(693): CodeIgniter\Database\MySQLi\Connection->execute('INSERT INTO `hi...')
#2 C:\xampp\htdocs\project-book\vendor\codeigniter4\framework\system\Database\BaseConnection.php(607): CodeIgniter\Database\BaseConnection->simpleQuery('INSERT INTO `hi...')
#3 C:\xampp\htdocs\project-book\vendor\codeigniter4\framework\system\Database\BaseBuilder.php(2308): CodeIgniter\Database\BaseConnection->query('INSERT INTO `hi...', Array, false)
#4 C:\xampp\htdocs\project-book\vendor\codeigniter4\framework\system\Model.php(319): CodeIgniter\Database\BaseBuilder->insert()
#5 C:\xampp\htdocs\project-book\vendor\codeigniter4\framework\system\BaseModel.php(788): CodeIgniter\Model->doInsert(Array)
#6 C:\xampp\htdocs\project-book\vendor\codeigniter4\framework\system\Model.php(715): CodeIgniter\BaseModel->insert(Array, false)
#7 C:\xampp\htdocs\project-book\vendor\codeigniter4\framework\system\BaseModel.php(698): CodeIgniter\Model->insert(Array, false)
#8 C:\xampp\htdocs\project-book\app\Controllers\HistoryController.php(48): CodeIgniter\BaseModel->save(Array)
#9 C:\xampp\htdocs\project-book\vendor\codeigniter4\framework\system\CodeIgniter.php(942): App\Controllers\HistoryController->create_history()
#10 C:\xampp\htdocs\project-book\vendor\codeigniter4\framework\system\CodeIgniter.php(502): CodeIgniter\CodeIgniter->runController(Object(App\Controllers\HistoryController))
#11 C:\xampp\htdocs\project-book\vendor\codeigniter4\framework\system\CodeIgniter.php(361): CodeIgniter\CodeIgniter->handleRequest(NULL, Object(Config\Cache), false)
#12 C:\xampp\htdocs\project-book\index.php(79): CodeIgniter\CodeIgniter->run()
#13 {main}
CRITICAL - 2023-11-19 03:22:04 --> Column 'sum_price' cannot be null
in SYSTEMPATH\Database\BaseConnection.php on line 647.
 1 SYSTEMPATH\Database\BaseBuilder.php(2308): CodeIgniter\Database\BaseConnection->query('INSERT INTO `history_book_table` (`id_user`, `id_book`, `rental_date`, `return_date`, `submit_date`, `sum_price`, `late_price`) VALUES (:id_user:, :id_book:, :rental_date:, :return_date:, :submit_date:, :sum_price:, :late_price:)', [...], false)
 2 SYSTEMPATH\Model.php(319): CodeIgniter\Database\BaseBuilder->insert()
 3 SYSTEMPATH\BaseModel.php(788): CodeIgniter\Model->doInsert([...])
 4 SYSTEMPATH\Model.php(715): CodeIgniter\BaseModel->insert([...], false)
 5 SYSTEMPATH\BaseModel.php(698): CodeIgniter\Model->insert([...], false)
 6 APPPATH\Controllers\HistoryController.php(48): CodeIgniter\BaseModel->save([...])
 7 SYSTEMPATH\CodeIgniter.php(942): App\Controllers\HistoryController->create_history()
 8 SYSTEMPATH\CodeIgniter.php(502): CodeIgniter\CodeIgniter->runController(Object(App\Controllers\HistoryController))
 9 SYSTEMPATH\CodeIgniter.php(361): CodeIgniter\CodeIgniter->handleRequest(null, Object(Config\Cache), false)
10 FCPATH\index.php(79): CodeIgniter\CodeIgniter->run()
ERROR - 2023-11-19 03:22:06 --> mysqli_sql_exception: Column 'id_user' cannot be null in C:\xampp\htdocs\project-book\vendor\codeigniter4\framework\system\Database\MySQLi\Connection.php:306
Stack trace:
#0 C:\xampp\htdocs\project-book\vendor\codeigniter4\framework\system\Database\MySQLi\Connection.php(306): mysqli->query('INSERT INTO `hi...', 0)
#1 C:\xampp\htdocs\project-book\vendor\codeigniter4\framework\system\Database\BaseConnection.php(693): CodeIgniter\Database\MySQLi\Connection->execute('INSERT INTO `hi...')
#2 C:\xampp\htdocs\project-book\vendor\codeigniter4\framework\system\Database\BaseConnection.php(607): CodeIgniter\Database\BaseConnection->simpleQuery('INSERT INTO `hi...')
#3 C:\xampp\htdocs\project-book\vendor\codeigniter4\framework\system\Database\BaseBuilder.php(2308): CodeIgniter\Database\BaseConnection->query('INSERT INTO `hi...', Array, false)
#4 C:\xampp\htdocs\project-book\vendor\codeigniter4\framework\system\Model.php(319): CodeIgniter\Database\BaseBuilder->insert()
#5 C:\xampp\htdocs\project-book\vendor\codeigniter4\framework\system\BaseModel.php(788): CodeIgniter\Model->doInsert(Array)
#6 C:\xampp\htdocs\project-book\vendor\codeigniter4\framework\system\Model.php(715): CodeIgniter\BaseModel->insert(Array, false)
#7 C:\xampp\htdocs\project-book\vendor\codeigniter4\framework\system\BaseModel.php(698): CodeIgniter\Model->insert(Array, false)
#8 C:\xampp\htdocs\project-book\app\Controllers\HistoryController.php(48): CodeIgniter\BaseModel->save(Array)
#9 C:\xampp\htdocs\project-book\vendor\codeigniter4\framework\system\CodeIgniter.php(942): App\Controllers\HistoryController->create_history()
#10 C:\xampp\htdocs\project-book\vendor\codeigniter4\framework\system\CodeIgniter.php(502): CodeIgniter\CodeIgniter->runController(Object(App\Controllers\HistoryController))
#11 C:\xampp\htdocs\project-book\vendor\codeigniter4\framework\system\CodeIgniter.php(361): CodeIgniter\CodeIgniter->handleRequest(NULL, Object(Config\Cache), false)
#12 C:\xampp\htdocs\project-book\index.php(79): CodeIgniter\CodeIgniter->run()
#13 {main}
CRITICAL - 2023-11-19 03:22:06 --> Column 'id_user' cannot be null
in SYSTEMPATH\Database\BaseConnection.php on line 647.
 1 SYSTEMPATH\Database\BaseBuilder.php(2308): CodeIgniter\Database\BaseConnection->query('INSERT INTO `history_book_table` (`id_user`, `id_book`, `rental_date`, `return_date`, `submit_date`, `sum_price`, `late_price`) VALUES (:id_user:, :id_book:, :rental_date:, :return_date:, :submit_date:, :sum_price:, :late_price:)', [...], false)
 2 SYSTEMPATH\Model.php(319): CodeIgniter\Database\BaseBuilder->insert()
 3 SYSTEMPATH\BaseModel.php(788): CodeIgniter\Model->doInsert([...])
 4 SYSTEMPATH\Model.php(715): CodeIgniter\BaseModel->insert([...], false)
 5 SYSTEMPATH\BaseModel.php(698): CodeIgniter\Model->insert([...], false)
 6 APPPATH\Controllers\HistoryController.php(48): CodeIgniter\BaseModel->save([...])
 7 SYSTEMPATH\CodeIgniter.php(942): App\Controllers\HistoryController->create_history()
 8 SYSTEMPATH\CodeIgniter.php(502): CodeIgniter\CodeIgniter->runController(Object(App\Controllers\HistoryController))
 9 SYSTEMPATH\CodeIgniter.php(361): CodeIgniter\CodeIgniter->handleRequest(null, Object(Config\Cache), false)
10 FCPATH\index.php(79): CodeIgniter\CodeIgniter->run()
ERROR - 2023-11-19 03:29:20 --> mysqli_sql_exception: Column 'id_book' cannot be null in C:\xampp\htdocs\project-book\vendor\codeigniter4\framework\system\Database\MySQLi\Connection.php:306
Stack trace:
#0 C:\xampp\htdocs\project-book\vendor\codeigniter4\framework\system\Database\MySQLi\Connection.php(306): mysqli->query('INSERT INTO `hi...', 0)
#1 C:\xampp\htdocs\project-book\vendor\codeigniter4\framework\system\Database\BaseConnection.php(693): CodeIgniter\Database\MySQLi\Connection->execute('INSERT INTO `hi...')
#2 C:\xampp\htdocs\project-book\vendor\codeigniter4\framework\system\Database\BaseConnection.php(607): CodeIgniter\Database\BaseConnection->simpleQuery('INSERT INTO `hi...')
#3 C:\xampp\htdocs\project-book\vendor\codeigniter4\framework\system\Database\BaseBuilder.php(2308): CodeIgniter\Database\BaseConnection->query('INSERT INTO `hi...', Array, false)
#4 C:\xampp\htdocs\project-book\vendor\codeigniter4\framework\system\Model.php(319): CodeIgniter\Database\BaseBuilder->insert()
#5 C:\xampp\htdocs\project-book\vendor\codeigniter4\framework\system\BaseModel.php(788): CodeIgniter\Model->doInsert(Array)
#6 C:\xampp\htdocs\project-book\vendor\codeigniter4\framework\system\Model.php(715): CodeIgniter\BaseModel->insert(Array, false)
#7 C:\xampp\htdocs\project-book\vendor\codeigniter4\framework\system\BaseModel.php(698): CodeIgniter\Model->insert(Array, false)
#8 C:\xampp\htdocs\project-book\app\Controllers\HistoryController.php(48): CodeIgniter\BaseModel->save(Array)
#9 C:\xampp\htdocs\project-book\vendor\codeigniter4\framework\system\CodeIgniter.php(942): App\Controllers\HistoryController->create_history()
#10 C:\xampp\htdocs\project-book\vendor\codeigniter4\framework\system\CodeIgniter.php(502): CodeIgniter\CodeIgniter->runController(Object(App\Controllers\HistoryController))
#11 C:\xampp\htdocs\project-book\vendor\codeigniter4\framework\system\CodeIgniter.php(361): CodeIgniter\CodeIgniter->handleRequest(NULL, Object(Config\Cache), false)
#12 C:\xampp\htdocs\project-book\index.php(79): CodeIgniter\CodeIgniter->run()
#13 {main}
CRITICAL - 2023-11-19 03:29:20 --> Column 'id_book' cannot be null
in SYSTEMPATH\Database\BaseConnection.php on line 647.
 1 SYSTEMPATH\Database\BaseBuilder.php(2308): CodeIgniter\Database\BaseConnection->query('INSERT INTO `history_book_table` (`id_user`, `id_book`, `rental_date`, `return_date`, `submit_date`, `sum_price`, `late_price`) VALUES (:id_user:, :id_book:, :rental_date:, :return_date:, :submit_date:, :sum_price:, :late_price:)', [...], false)
 2 SYSTEMPATH\Model.php(319): CodeIgniter\Database\BaseBuilder->insert()
 3 SYSTEMPATH\BaseModel.php(788): CodeIgniter\Model->doInsert([...])
 4 SYSTEMPATH\Model.php(715): CodeIgniter\BaseModel->insert([...], false)
 5 SYSTEMPATH\BaseModel.php(698): CodeIgniter\Model->insert([...], false)
 6 APPPATH\Controllers\HistoryController.php(48): CodeIgniter\BaseModel->save([...])
 7 SYSTEMPATH\CodeIgniter.php(942): App\Controllers\HistoryController->create_history()
 8 SYSTEMPATH\CodeIgniter.php(502): CodeIgniter\CodeIgniter->runController(Object(App\Controllers\HistoryController))
 9 SYSTEMPATH\CodeIgniter.php(361): CodeIgniter\CodeIgniter->handleRequest(null, Object(Config\Cache), false)
10 FCPATH\index.php(79): CodeIgniter\CodeIgniter->run()
ERROR - 2023-11-19 03:29:31 --> mysqli_sql_exception: Column 'id_user' cannot be null in C:\xampp\htdocs\project-book\vendor\codeigniter4\framework\system\Database\MySQLi\Connection.php:306
Stack trace:
#0 C:\xampp\htdocs\project-book\vendor\codeigniter4\framework\system\Database\MySQLi\Connection.php(306): mysqli->query('INSERT INTO `hi...', 0)
#1 C:\xampp\htdocs\project-book\vendor\codeigniter4\framework\system\Database\BaseConnection.php(693): CodeIgniter\Database\MySQLi\Connection->execute('INSERT INTO `hi...')
#2 C:\xampp\htdocs\project-book\vendor\codeigniter4\framework\system\Database\BaseConnection.php(607): CodeIgniter\Database\BaseConnection->simpleQuery('INSERT INTO `hi...')
#3 C:\xampp\htdocs\project-book\vendor\codeigniter4\framework\system\Database\BaseBuilder.php(2308): CodeIgniter\Database\BaseConnection->query('INSERT INTO `hi...', Array, false)
#4 C:\xampp\htdocs\project-book\vendor\codeigniter4\framework\system\Model.php(319): CodeIgniter\Database\BaseBuilder->insert()
#5 C:\xampp\htdocs\project-book\vendor\codeigniter4\framework\system\BaseModel.php(788): CodeIgniter\Model->doInsert(Array)
#6 C:\xampp\htdocs\project-book\vendor\codeigniter4\framework\system\Model.php(715): CodeIgniter\BaseModel->insert(Array, false)
#7 C:\xampp\htdocs\project-book\vendor\codeigniter4\framework\system\BaseModel.php(698): CodeIgniter\Model->insert(Array, false)
#8 C:\xampp\htdocs\project-book\app\Controllers\HistoryController.php(48): CodeIgniter\BaseModel->save(Array)
#9 C:\xampp\htdocs\project-book\vendor\codeigniter4\framework\system\CodeIgniter.php(942): App\Controllers\HistoryController->create_history()
#10 C:\xampp\htdocs\project-book\vendor\codeigniter4\framework\system\CodeIgniter.php(502): CodeIgniter\CodeIgniter->runController(Object(App\Controllers\HistoryController))
#11 C:\xampp\htdocs\project-book\vendor\codeigniter4\framework\system\CodeIgniter.php(361): CodeIgniter\CodeIgniter->handleRequest(NULL, Object(Config\Cache), false)
#12 C:\xampp\htdocs\project-book\index.php(79): CodeIgniter\CodeIgniter->run()
#13 {main}
CRITICAL - 2023-11-19 03:29:31 --> Column 'id_user' cannot be null
in SYSTEMPATH\Database\BaseConnection.php on line 647.
 1 SYSTEMPATH\Database\BaseBuilder.php(2308): CodeIgniter\Database\BaseConnection->query('INSERT INTO `history_book_table` (`id_user`, `id_book`, `rental_date`, `return_date`, `submit_date`, `sum_price`, `late_price`) VALUES (:id_user:, :id_book:, :rental_date:, :return_date:, :submit_date:, :sum_price:, :late_price:)', [...], false)
 2 SYSTEMPATH\Model.php(319): CodeIgniter\Database\BaseBuilder->insert()
 3 SYSTEMPATH\BaseModel.php(788): CodeIgniter\Model->doInsert([...])
 4 SYSTEMPATH\Model.php(715): CodeIgniter\BaseModel->insert([...], false)
 5 SYSTEMPATH\BaseModel.php(698): CodeIgniter\Model->insert([...], false)
 6 APPPATH\Controllers\HistoryController.php(48): CodeIgniter\BaseModel->save([...])
 7 SYSTEMPATH\CodeIgniter.php(942): App\Controllers\HistoryController->create_history()
 8 SYSTEMPATH\CodeIgniter.php(502): CodeIgniter\CodeIgniter->runController(Object(App\Controllers\HistoryController))
 9 SYSTEMPATH\CodeIgniter.php(361): CodeIgniter\CodeIgniter->handleRequest(null, Object(Config\Cache), false)
10 FCPATH\index.php(79): CodeIgniter\CodeIgniter->run()
ERROR - 2023-11-19 03:29:53 --> mysqli_sql_exception: Column 'id_book' cannot be null in C:\xampp\htdocs\project-book\vendor\codeigniter4\framework\system\Database\MySQLi\Connection.php:306
Stack trace:
#0 C:\xampp\htdocs\project-book\vendor\codeigniter4\framework\system\Database\MySQLi\Connection.php(306): mysqli->query('INSERT INTO `hi...', 0)
#1 C:\xampp\htdocs\project-book\vendor\codeigniter4\framework\system\Database\BaseConnection.php(693): CodeIgniter\Database\MySQLi\Connection->execute('INSERT INTO `hi...')
#2 C:\xampp\htdocs\project-book\vendor\codeigniter4\framework\system\Database\BaseConnection.php(607): CodeIgniter\Database\BaseConnection->simpleQuery('INSERT INTO `hi...')
#3 C:\xampp\htdocs\project-book\vendor\codeigniter4\framework\system\Database\BaseBuilder.php(2308): CodeIgniter\Database\BaseConnection->query('INSERT INTO `hi...', Array, false)
#4 C:\xampp\htdocs\project-book\vendor\codeigniter4\framework\system\Model.php(319): CodeIgniter\Database\BaseBuilder->insert()
#5 C:\xampp\htdocs\project-book\vendor\codeigniter4\framework\system\BaseModel.php(788): CodeIgniter\Model->doInsert(Array)
#6 C:\xampp\htdocs\project-book\vendor\codeigniter4\framework\system\Model.php(715): CodeIgniter\BaseModel->insert(Array, false)
#7 C:\xampp\htdocs\project-book\vendor\codeigniter4\framework\system\BaseModel.php(698): CodeIgniter\Model->insert(Array, false)
#8 C:\xampp\htdocs\project-book\app\Controllers\HistoryController.php(48): CodeIgniter\BaseModel->save(Array)
#9 C:\xampp\htdocs\project-book\vendor\codeigniter4\framework\system\CodeIgniter.php(942): App\Controllers\HistoryController->create_history()
#10 C:\xampp\htdocs\project-book\vendor\codeigniter4\framework\system\CodeIgniter.php(502): CodeIgniter\CodeIgniter->runController(Object(App\Controllers\HistoryController))
#11 C:\xampp\htdocs\project-book\vendor\codeigniter4\framework\system\CodeIgniter.php(361): CodeIgniter\CodeIgniter->handleRequest(NULL, Object(Config\Cache), false)
#12 C:\xampp\htdocs\project-book\index.php(79): CodeIgniter\CodeIgniter->run()
#13 {main}
CRITICAL - 2023-11-19 03:29:53 --> Column 'id_book' cannot be null
in SYSTEMPATH\Database\BaseConnection.php on line 647.
 1 SYSTEMPATH\Database\BaseBuilder.php(2308): CodeIgniter\Database\BaseConnection->query('INSERT INTO `history_book_table` (`id_user`, `id_book`, `rental_date`, `return_date`, `submit_date`, `sum_price`, `late_price`) VALUES (:id_user:, :id_book:, :rental_date:, :return_date:, :submit_date:, :sum_price:, :late_price:)', [...], false)
 2 SYSTEMPATH\Model.php(319): CodeIgniter\Database\BaseBuilder->insert()
 3 SYSTEMPATH\BaseModel.php(788): CodeIgniter\Model->doInsert([...])
 4 SYSTEMPATH\Model.php(715): CodeIgniter\BaseModel->insert([...], false)
 5 SYSTEMPATH\BaseModel.php(698): CodeIgniter\Model->insert([...], false)
 6 APPPATH\Controllers\HistoryController.php(48): CodeIgniter\BaseModel->save([...])
 7 SYSTEMPATH\CodeIgniter.php(942): App\Controllers\HistoryController->create_history()
 8 SYSTEMPATH\CodeIgniter.php(502): CodeIgniter\CodeIgniter->runController(Object(App\Controllers\HistoryController))
 9 SYSTEMPATH\CodeIgniter.php(361): CodeIgniter\CodeIgniter->handleRequest(null, Object(Config\Cache), false)
10 FCPATH\index.php(79): CodeIgniter\CodeIgniter->run()
ERROR - 2023-11-19 03:30:03 --> mysqli_sql_exception: Column 'id_book' cannot be null in C:\xampp\htdocs\project-book\vendor\codeigniter4\framework\system\Database\MySQLi\Connection.php:306
Stack trace:
#0 C:\xampp\htdocs\project-book\vendor\codeigniter4\framework\system\Database\MySQLi\Connection.php(306): mysqli->query('INSERT INTO `hi...', 0)
#1 C:\xampp\htdocs\project-book\vendor\codeigniter4\framework\system\Database\BaseConnection.php(693): CodeIgniter\Database\MySQLi\Connection->execute('INSERT INTO `hi...')
#2 C:\xampp\htdocs\project-book\vendor\codeigniter4\framework\system\Database\BaseConnection.php(607): CodeIgniter\Database\BaseConnection->simpleQuery('INSERT INTO `hi...')
#3 C:\xampp\htdocs\project-book\vendor\codeigniter4\framework\system\Database\BaseBuilder.php(2308): CodeIgniter\Database\BaseConnection->query('INSERT INTO `hi...', Array, false)
#4 C:\xampp\htdocs\project-book\vendor\codeigniter4\framework\system\Model.php(319): CodeIgniter\Database\BaseBuilder->insert()
#5 C:\xampp\htdocs\project-book\vendor\codeigniter4\framework\system\BaseModel.php(788): CodeIgniter\Model->doInsert(Array)
#6 C:\xampp\htdocs\project-book\vendor\codeigniter4\framework\system\Model.php(715): CodeIgniter\BaseModel->insert(Array, false)
#7 C:\xampp\htdocs\project-book\vendor\codeigniter4\framework\system\BaseModel.php(698): CodeIgniter\Model->insert(Array, false)
#8 C:\xampp\htdocs\project-book\app\Controllers\HistoryController.php(48): CodeIgniter\BaseModel->save(Array)
#9 C:\xampp\htdocs\project-book\vendor\codeigniter4\framework\system\CodeIgniter.php(942): App\Controllers\HistoryController->create_history()
#10 C:\xampp\htdocs\project-book\vendor\codeigniter4\framework\system\CodeIgniter.php(502): CodeIgniter\CodeIgniter->runController(Object(App\Controllers\HistoryController))
#11 C:\xampp\htdocs\project-book\vendor\codeigniter4\framework\system\CodeIgniter.php(361): CodeIgniter\CodeIgniter->handleRequest(NULL, Object(Config\Cache), false)
#12 C:\xampp\htdocs\project-book\index.php(79): CodeIgniter\CodeIgniter->run()
#13 {main}
CRITICAL - 2023-11-19 03:30:03 --> Column 'id_book' cannot be null
in SYSTEMPATH\Database\BaseConnection.php on line 647.
 1 SYSTEMPATH\Database\BaseBuilder.php(2308): CodeIgniter\Database\BaseConnection->query('INSERT INTO `history_book_table` (`id_user`, `id_book`, `rental_date`, `return_date`, `submit_date`, `sum_price`, `late_price`) VALUES (:id_user:, :id_book:, :rental_date:, :return_date:, :submit_date:, :sum_price:, :late_price:)', [...], false)
 2 SYSTEMPATH\Model.php(319): CodeIgniter\Database\BaseBuilder->insert()
 3 SYSTEMPATH\BaseModel.php(788): CodeIgniter\Model->doInsert([...])
 4 SYSTEMPATH\Model.php(715): CodeIgniter\BaseModel->insert([...], false)
 5 SYSTEMPATH\BaseModel.php(698): CodeIgniter\Model->insert([...], false)
 6 APPPATH\Controllers\HistoryController.php(48): CodeIgniter\BaseModel->save([...])
 7 SYSTEMPATH\CodeIgniter.php(942): App\Controllers\HistoryController->create_history()
 8 SYSTEMPATH\CodeIgniter.php(502): CodeIgniter\CodeIgniter->runController(Object(App\Controllers\HistoryController))
 9 SYSTEMPATH\CodeIgniter.php(361): CodeIgniter\CodeIgniter->handleRequest(null, Object(Config\Cache), false)
10 FCPATH\index.php(79): CodeIgniter\CodeIgniter->run()
CRITICAL - 2023-11-19 14:10:30 --> Array to string conversion
in APPPATH\Views\dashboard\user_history.php on line 44.
 1 APPPATH\Views\dashboard\user_history.php(44): CodeIgniter\Debug\Exceptions->errorHandler(2, 'Array to string conversion', 'C:\\xampp\\htdocs\\project-book\\app\\Views\\dashboard\\user_history.php', 44)
 2 SYSTEMPATH\View\View.php(228): include('C:\\xampp\\htdocs\\project-book\\app\\Views\\dashboard\\user_history.php')
 3 SYSTEMPATH\View\View.php(231): CodeIgniter\View\View->CodeIgniter\View\{closure}()
 4 SYSTEMPATH\Common.php(1190): CodeIgniter\View\View->render('dashboard/user_history', [], true)
 5 APPPATH\Controllers\HistoryController.php(162): view('dashboard/user_history', [...])
 6 SYSTEMPATH\CodeIgniter.php(942): App\Controllers\HistoryController->history_user('1')
 7 SYSTEMPATH\CodeIgniter.php(502): CodeIgniter\CodeIgniter->runController(Object(App\Controllers\HistoryController))
 8 SYSTEMPATH\CodeIgniter.php(361): CodeIgniter\CodeIgniter->handleRequest(null, Object(Config\Cache), false)
 9 FCPATH\index.php(79): CodeIgniter\CodeIgniter->run()
CRITICAL - 2023-11-19 14:11:21 --> Undefined variable $data
in APPPATH\Views\dashboard\user_history.php on line 38.
 1 APPPATH\Views\dashboard\user_history.php(38): CodeIgniter\Debug\Exceptions->errorHandler(2, 'Undefined variable $data', 'C:\\xampp\\htdocs\\project-book\\app\\Views\\dashboard\\user_history.php', 38)
 2 SYSTEMPATH\View\View.php(228): include('C:\\xampp\\htdocs\\project-book\\app\\Views\\dashboard\\user_history.php')
 3 SYSTEMPATH\View\View.php(231): CodeIgniter\View\View->CodeIgniter\View\{closure}()
 4 SYSTEMPATH\Common.php(1190): CodeIgniter\View\View->render('dashboard/user_history', [], true)
 5 APPPATH\Controllers\HistoryController.php(162): view('dashboard/user_history', [...])
 6 SYSTEMPATH\CodeIgniter.php(942): App\Controllers\HistoryController->history_user('1')
 7 SYSTEMPATH\CodeIgniter.php(502): CodeIgniter\CodeIgniter->runController(Object(App\Controllers\HistoryController))
 8 SYSTEMPATH\CodeIgniter.php(361): CodeIgniter\CodeIgniter->handleRequest(null, Object(Config\Cache), false)
 9 FCPATH\index.php(79): CodeIgniter\CodeIgniter->run()
CRITICAL - 2023-11-19 14:22:53 --> Undefined variable $id
in APPPATH\Views\dashboard\user_history.php on line 51.
 1 APPPATH\Views\dashboard\user_history.php(51): CodeIgniter\Debug\Exceptions->errorHandler(2, 'Undefined variable $id', 'C:\\xampp\\htdocs\\project-book\\app\\Views\\dashboard\\user_history.php', 51)
 2 SYSTEMPATH\View\View.php(228): include('C:\\xampp\\htdocs\\project-book\\app\\Views\\dashboard\\user_history.php')
 3 SYSTEMPATH\View\View.php(231): CodeIgniter\View\View->CodeIgniter\View\{closure}()
 4 SYSTEMPATH\Common.php(1190): CodeIgniter\View\View->render('dashboard/user_history', [], true)
 5 APPPATH\Controllers\HistoryController.php(162): view('dashboard/user_history', [...])
 6 SYSTEMPATH\CodeIgniter.php(942): App\Controllers\HistoryController->history_user('1')
 7 SYSTEMPATH\CodeIgniter.php(502): CodeIgniter\CodeIgniter->runController(Object(App\Controllers\HistoryController))
 8 SYSTEMPATH\CodeIgniter.php(361): CodeIgniter\CodeIgniter->handleRequest(null, Object(Config\Cache), false)
 9 FCPATH\index.php(79): CodeIgniter\CodeIgniter->run()
CRITICAL - 2023-11-19 14:23:56 --> Array to string conversion
in APPPATH\Views\dashboard\user_history.php on line 57.
 1 APPPATH\Views\dashboard\user_history.php(57): CodeIgniter\Debug\Exceptions->errorHandler(2, 'Array to string conversion', 'C:\\xampp\\htdocs\\project-book\\app\\Views\\dashboard\\user_history.php', 57)
 2 SYSTEMPATH\View\View.php(228): include('C:\\xampp\\htdocs\\project-book\\app\\Views\\dashboard\\user_history.php')
 3 SYSTEMPATH\View\View.php(231): CodeIgniter\View\View->CodeIgniter\View\{closure}()
 4 SYSTEMPATH\Common.php(1190): CodeIgniter\View\View->render('dashboard/user_history', [], true)
 5 APPPATH\Controllers\HistoryController.php(162): view('dashboard/user_history', [...])
 6 SYSTEMPATH\CodeIgniter.php(942): App\Controllers\HistoryController->history_user('1')
 7 SYSTEMPATH\CodeIgniter.php(502): CodeIgniter\CodeIgniter->runController(Object(App\Controllers\HistoryController))
 8 SYSTEMPATH\CodeIgniter.php(361): CodeIgniter\CodeIgniter->handleRequest(null, Object(Config\Cache), false)
 9 FCPATH\index.php(79): CodeIgniter\CodeIgniter->run()
CRITICAL - 2023-11-19 14:24:11 --> Array to string conversion
in APPPATH\Views\dashboard\user_history.php on line 57.
 1 APPPATH\Views\dashboard\user_history.php(57): CodeIgniter\Debug\Exceptions->errorHandler(2, 'Array to string conversion', 'C:\\xampp\\htdocs\\project-book\\app\\Views\\dashboard\\user_history.php', 57)
 2 SYSTEMPATH\View\View.php(228): include('C:\\xampp\\htdocs\\project-book\\app\\Views\\dashboard\\user_history.php')
 3 SYSTEMPATH\View\View.php(231): CodeIgniter\View\View->CodeIgniter\View\{closure}()
 4 SYSTEMPATH\Common.php(1190): CodeIgniter\View\View->render('dashboard/user_history', [], true)
 5 APPPATH\Controllers\HistoryController.php(162): view('dashboard/user_history', [...])
 6 SYSTEMPATH\CodeIgniter.php(942): App\Controllers\HistoryController->history_user('1')
 7 SYSTEMPATH\CodeIgniter.php(502): CodeIgniter\CodeIgniter->runController(Object(App\Controllers\HistoryController))
 8 SYSTEMPATH\CodeIgniter.php(361): CodeIgniter\CodeIgniter->handleRequest(null, Object(Config\Cache), false)
 9 FCPATH\index.php(79): CodeIgniter\CodeIgniter->run()
CRITICAL - 2023-11-19 14:24:18 --> Undefined array key 0
in APPPATH\Views\dashboard\user_history.php on line 57.
 1 APPPATH\Views\dashboard\user_history.php(57): CodeIgniter\Debug\Exceptions->errorHandler(2, 'Undefined array key 0', 'C:\\xampp\\htdocs\\project-book\\app\\Views\\dashboard\\user_history.php', 57)
 2 SYSTEMPATH\View\View.php(228): include('C:\\xampp\\htdocs\\project-book\\app\\Views\\dashboard\\user_history.php')
 3 SYSTEMPATH\View\View.php(231): CodeIgniter\View\View->CodeIgniter\View\{closure}()
 4 SYSTEMPATH\Common.php(1190): CodeIgniter\View\View->render('dashboard/user_history', [], true)
 5 APPPATH\Controllers\HistoryController.php(162): view('dashboard/user_history', [...])
 6 SYSTEMPATH\CodeIgniter.php(942): App\Controllers\HistoryController->history_user('1')
 7 SYSTEMPATH\CodeIgniter.php(502): CodeIgniter\CodeIgniter->runController(Object(App\Controllers\HistoryController))
 8 SYSTEMPATH\CodeIgniter.php(361): CodeIgniter\CodeIgniter->handleRequest(null, Object(Config\Cache), false)
 9 FCPATH\index.php(79): CodeIgniter\CodeIgniter->run()
CRITICAL - 2023-11-19 14:24:25 --> Undefined array key "id_book"
in APPPATH\Views\dashboard\user_history.php on line 57.
 1 APPPATH\Views\dashboard\user_history.php(57): CodeIgniter\Debug\Exceptions->errorHandler(2, 'Undefined array key "id_book"', 'C:\\xampp\\htdocs\\project-book\\app\\Views\\dashboard\\user_history.php', 57)
 2 SYSTEMPATH\View\View.php(228): include('C:\\xampp\\htdocs\\project-book\\app\\Views\\dashboard\\user_history.php')
 3 SYSTEMPATH\View\View.php(231): CodeIgniter\View\View->CodeIgniter\View\{closure}()
 4 SYSTEMPATH\Common.php(1190): CodeIgniter\View\View->render('dashboard/user_history', [], true)
 5 APPPATH\Controllers\HistoryController.php(162): view('dashboard/user_history', [...])
 6 SYSTEMPATH\CodeIgniter.php(942): App\Controllers\HistoryController->history_user('1')
 7 SYSTEMPATH\CodeIgniter.php(502): CodeIgniter\CodeIgniter->runController(Object(App\Controllers\HistoryController))
 8 SYSTEMPATH\CodeIgniter.php(361): CodeIgniter\CodeIgniter->handleRequest(null, Object(Config\Cache), false)
 9 FCPATH\index.php(79): CodeIgniter\CodeIgniter->run()
CRITICAL - 2023-11-19 14:28:31 --> Array to string conversion
in APPPATH\Views\dashboard\user_history.php on line 68.
 1 APPPATH\Views\dashboard\user_history.php(68): CodeIgniter\Debug\Exceptions->errorHandler(2, 'Array to string conversion', 'C:\\xampp\\htdocs\\project-book\\app\\Views\\dashboard\\user_history.php', 68)
 2 SYSTEMPATH\View\View.php(228): include('C:\\xampp\\htdocs\\project-book\\app\\Views\\dashboard\\user_history.php')
 3 SYSTEMPATH\View\View.php(231): CodeIgniter\View\View->CodeIgniter\View\{closure}()
 4 SYSTEMPATH\Common.php(1190): CodeIgniter\View\View->render('dashboard/user_history', [], true)
 5 APPPATH\Controllers\HistoryController.php(162): view('dashboard/user_history', [...])
 6 SYSTEMPATH\CodeIgniter.php(942): App\Controllers\HistoryController->history_user('1')
 7 SYSTEMPATH\CodeIgniter.php(502): CodeIgniter\CodeIgniter->runController(Object(App\Controllers\HistoryController))
 8 SYSTEMPATH\CodeIgniter.php(361): CodeIgniter\CodeIgniter->handleRequest(null, Object(Config\Cache), false)
 9 FCPATH\index.php(79): CodeIgniter\CodeIgniter->run()
CRITICAL - 2023-11-19 14:28:55 --> Array to string conversion
in APPPATH\Views\dashboard\user_history.php on line 70.
 1 APPPATH\Views\dashboard\user_history.php(70): CodeIgniter\Debug\Exceptions->errorHandler(2, 'Array to string conversion', 'C:\\xampp\\htdocs\\project-book\\app\\Views\\dashboard\\user_history.php', 70)
 2 SYSTEMPATH\View\View.php(228): include('C:\\xampp\\htdocs\\project-book\\app\\Views\\dashboard\\user_history.php')
 3 SYSTEMPATH\View\View.php(231): CodeIgniter\View\View->CodeIgniter\View\{closure}()
 4 SYSTEMPATH\Common.php(1190): CodeIgniter\View\View->render('dashboard/user_history', [], true)
 5 APPPATH\Controllers\HistoryController.php(162): view('dashboard/user_history', [...])
 6 SYSTEMPATH\CodeIgniter.php(942): App\Controllers\HistoryController->history_user('1')
 7 SYSTEMPATH\CodeIgniter.php(502): CodeIgniter\CodeIgniter->runController(Object(App\Controllers\HistoryController))
 8 SYSTEMPATH\CodeIgniter.php(361): CodeIgniter\CodeIgniter->handleRequest(null, Object(Config\Cache), false)
 9 FCPATH\index.php(79): CodeIgniter\CodeIgniter->run()
CRITICAL - 2023-11-19 14:39:32 --> Cannot access offset of type string on string
in APPPATH\Views\dashboard\user_history.php on line 110.
 1 SYSTEMPATH\View\View.php(228): include()
 2 SYSTEMPATH\View\View.php(231): CodeIgniter\View\View->CodeIgniter\View\{closure}()
 3 SYSTEMPATH\Common.php(1190): CodeIgniter\View\View->render('dashboard/user_history', [], true)
 4 APPPATH\Controllers\HistoryController.php(162): view('dashboard/user_history', [...])
 5 SYSTEMPATH\CodeIgniter.php(942): App\Controllers\HistoryController->history_user('1')
 6 SYSTEMPATH\CodeIgniter.php(502): CodeIgniter\CodeIgniter->runController(Object(App\Controllers\HistoryController))
 7 SYSTEMPATH\CodeIgniter.php(361): CodeIgniter\CodeIgniter->handleRequest(null, Object(Config\Cache), false)
 8 FCPATH\index.php(79): CodeIgniter\CodeIgniter->run()
CRITICAL - 2023-11-19 14:43:31 --> Undefined array key "name"
in APPPATH\Views\dashboard\user_history.php on line 10.
 1 APPPATH\Views\dashboard\user_history.php(10): CodeIgniter\Debug\Exceptions->errorHandler(2, 'Undefined array key "name"', 'C:\\xampp\\htdocs\\project-book\\app\\Views\\dashboard\\user_history.php', 10)
 2 SYSTEMPATH\View\View.php(228): include('C:\\xampp\\htdocs\\project-book\\app\\Views\\dashboard\\user_history.php')
 3 SYSTEMPATH\View\View.php(231): CodeIgniter\View\View->CodeIgniter\View\{closure}()
 4 SYSTEMPATH\Common.php(1190): CodeIgniter\View\View->render('dashboard/user_history', [], true)
 5 APPPATH\Controllers\HistoryController.php(162): view('dashboard/user_history', [...])
 6 SYSTEMPATH\CodeIgniter.php(942): App\Controllers\HistoryController->history_user('1')
 7 SYSTEMPATH\CodeIgniter.php(502): CodeIgniter\CodeIgniter->runController(Object(App\Controllers\HistoryController))
 8 SYSTEMPATH\CodeIgniter.php(361): CodeIgniter\CodeIgniter->handleRequest(null, Object(Config\Cache), false)
 9 FCPATH\index.php(79): CodeIgniter\CodeIgniter->run()
CRITICAL - 2023-11-19 14:58:59 --> Unsupported operand types: string + string
in APPPATH\Views\dashboard\user_history.php on line 139.
 1 SYSTEMPATH\View\View.php(228): include()
 2 SYSTEMPATH\View\View.php(231): CodeIgniter\View\View->CodeIgniter\View\{closure}()
 3 SYSTEMPATH\Common.php(1190): CodeIgniter\View\View->render('dashboard/user_history', [], true)
 4 APPPATH\Controllers\HistoryController.php(162): view('dashboard/user_history', [...])
 5 SYSTEMPATH\CodeIgniter.php(942): App\Controllers\HistoryController->history_user('1')
 6 SYSTEMPATH\CodeIgniter.php(502): CodeIgniter\CodeIgniter->runController(Object(App\Controllers\HistoryController))
 7 SYSTEMPATH\CodeIgniter.php(361): CodeIgniter\CodeIgniter->handleRequest(null, Object(Config\Cache), false)
 8 FCPATH\index.php(79): CodeIgniter\CodeIgniter->run()
CRITICAL - 2023-11-19 15:01:08 --> Array to string conversion
in APPPATH\Controllers\HistoryController.php on line 150.
 1 APPPATH\Controllers\HistoryController.php(150): CodeIgniter\Debug\Exceptions->errorHandler(2, 'Array to string conversion', 'C:\\xampp\\htdocs\\project-book\\app\\Controllers\\HistoryController.php', 150)
 2 SYSTEMPATH\CodeIgniter.php(942): App\Controllers\HistoryController->billview('4')
 3 SYSTEMPATH\CodeIgniter.php(502): CodeIgniter\CodeIgniter->runController(Object(App\Controllers\HistoryController))
 4 SYSTEMPATH\CodeIgniter.php(361): CodeIgniter\CodeIgniter->handleRequest(null, Object(Config\Cache), false)
 5 FCPATH\index.php(79): CodeIgniter\CodeIgniter->run()
CRITICAL - 2023-11-19 15:01:24 --> Array to string conversion
in APPPATH\Controllers\HistoryController.php on line 150.
 1 APPPATH\Controllers\HistoryController.php(150): CodeIgniter\Debug\Exceptions->errorHandler(2, 'Array to string conversion', 'C:\\xampp\\htdocs\\project-book\\app\\Controllers\\HistoryController.php', 150)
 2 SYSTEMPATH\CodeIgniter.php(942): App\Controllers\HistoryController->billview('4')
 3 SYSTEMPATH\CodeIgniter.php(502): CodeIgniter\CodeIgniter->runController(Object(App\Controllers\HistoryController))
 4 SYSTEMPATH\CodeIgniter.php(361): CodeIgniter\CodeIgniter->handleRequest(null, Object(Config\Cache), false)
 5 FCPATH\index.php(79): CodeIgniter\CodeIgniter->run()
CRITICAL - 2023-11-19 15:43:19 --> Undefined variable $value
in APPPATH\Views\dashboard\bill_view.php on line 149.
 1 APPPATH\Views\dashboard\bill_view.php(149): CodeIgniter\Debug\Exceptions->errorHandler(2, 'Undefined variable $value', 'C:\\xampp\\htdocs\\project-book\\app\\Views\\dashboard\\bill_view.php', 149)
 2 SYSTEMPATH\View\View.php(228): include('C:\\xampp\\htdocs\\project-book\\app\\Views\\dashboard\\bill_view.php')
 3 SYSTEMPATH\View\View.php(231): CodeIgniter\View\View->CodeIgniter\View\{closure}()
 4 SYSTEMPATH\Common.php(1190): CodeIgniter\View\View->render('dashboard/bill_view', [], true)
 5 APPPATH\Controllers\HistoryController.php(158): view('dashboard/bill_view', [...])
 6 SYSTEMPATH\CodeIgniter.php(942): App\Controllers\HistoryController->billview('7')
 7 SYSTEMPATH\CodeIgniter.php(502): CodeIgniter\CodeIgniter->runController(Object(App\Controllers\HistoryController))
 8 SYSTEMPATH\CodeIgniter.php(361): CodeIgniter\CodeIgniter->handleRequest(null, Object(Config\Cache), false)
 9 FCPATH\index.php(79): CodeIgniter\CodeIgniter->run()
CRITICAL - 2023-11-19 15:59:29 --> Undefined variable $data_book
in APPPATH\Views\modal\U_Pricelate.php on line 112.
 1 APPPATH\Views\modal\U_Pricelate.php(112): CodeIgniter\Debug\Exceptions->errorHandler(2, 'Undefined variable $data_book', 'C:\\xampp\\htdocs\\project-book\\app\\Views\\modal\\U_Pricelate.php', 112)
 2 SYSTEMPATH\View\View.php(228): include('C:\\xampp\\htdocs\\project-book\\app\\Views\\modal\\U_Pricelate.php')
 3 SYSTEMPATH\View\View.php(231): CodeIgniter\View\View->CodeIgniter\View\{closure}()
 4 SYSTEMPATH\View\View.php(469): CodeIgniter\View\View->render('modal/U_Pricelate', null, true)
 5 APPPATH\Views\dashboard\lateprice.php(61): CodeIgniter\View\View->include('modal/U_Pricelate')
 6 SYSTEMPATH\View\View.php(228): include('C:\\xampp\\htdocs\\project-book\\app\\Views\\dashboard\\lateprice.php')
 7 SYSTEMPATH\View\View.php(231): CodeIgniter\View\View->CodeIgniter\View\{closure}()
 8 SYSTEMPATH\Common.php(1190): CodeIgniter\View\View->render('dashboard/lateprice', [], true)
 9 APPPATH\Controllers\LatePriceController.php(12): view('dashboard/lateprice')
10 SYSTEMPATH\CodeIgniter.php(942): App\Controllers\LatePriceController->index()
11 SYSTEMPATH\CodeIgniter.php(502): CodeIgniter\CodeIgniter->runController(Object(App\Controllers\LatePriceController))
12 SYSTEMPATH\CodeIgniter.php(361): CodeIgniter\CodeIgniter->handleRequest(null, Object(Config\Cache), false)
13 FCPATH\index.php(79): CodeIgniter\CodeIgniter->run()
CRITICAL - 2023-11-19 23:19:05 --> Undefined variable $data
in APPPATH\Views\dashboard\user_history.php on line 53.
 1 APPPATH\Views\dashboard\user_history.php(53): CodeIgniter\Debug\Exceptions->errorHandler(2, 'Undefined variable $data', 'C:\\xampp\\htdocs\\project-book\\app\\Views\\dashboard\\user_history.php', 53)
 2 SYSTEMPATH\View\View.php(228): include('C:\\xampp\\htdocs\\project-book\\app\\Views\\dashboard\\user_history.php')
 3 SYSTEMPATH\View\View.php(231): CodeIgniter\View\View->CodeIgniter\View\{closure}()
 4 SYSTEMPATH\Common.php(1190): CodeIgniter\View\View->render('dashboard/user_history', [], true)
 5 APPPATH\Controllers\HistoryController.php(177): view('dashboard/user_history', [...])
 6 SYSTEMPATH\CodeIgniter.php(942): App\Controllers\HistoryController->history_user('1')
 7 SYSTEMPATH\CodeIgniter.php(502): CodeIgniter\CodeIgniter->runController(Object(App\Controllers\HistoryController))
 8 SYSTEMPATH\CodeIgniter.php(361): CodeIgniter\CodeIgniter->handleRequest(null, Object(Config\Cache), false)
 9 FCPATH\index.php(79): CodeIgniter\CodeIgniter->run()
